2017-05-17 11:31:56.588+0000 WARN  [o.n.k.EmbeddedGraphDatabase]: You are using an unsupported version of the Java runtime. Please use Oracle(R) Java(TM) Runtime Environment 7 or OpenJDK(TM) 7.
2017-05-17 11:31:56.938+0000 INFO  [o.n.k.InternalAbstractGraphDatabase]: No locking implementation specified, defaulting to 'community'
2017-05-17 11:31:58.694+0000 INFO  [o.n.k.i.DiagnosticsManager]: --- INITIALIZED diagnostics START ---
2017-05-17 11:31:58.694+0000 INFO  [o.n.k.i.DiagnosticsManager]: Neo4j Kernel properties:
2017-05-17 11:31:58.699+0000 INFO  [o.n.k.i.DiagnosticsManager]: store_dir=embedded.neo4j.db.path
2017-05-17 11:31:58.699+0000 INFO  [o.n.k.i.DiagnosticsManager]: ephemeral=false
2017-05-17 11:31:58.701+0000 INFO  [o.n.k.i.DiagnosticsManager]: Diagnostics providers:
2017-05-17 11:31:58.701+0000 INFO  [o.n.k.i.DiagnosticsManager]: org.neo4j.kernel.configuration.Config
2017-05-17 11:31:58.701+0000 INFO  [o.n.k.i.DiagnosticsManager]: org.neo4j.kernel.info.DiagnosticsManager
2017-05-17 11:31:58.701+0000 INFO  [o.n.k.i.DiagnosticsManager]: SYSTEM_MEMORY
2017-05-17 11:31:58.701+0000 INFO  [o.n.k.i.DiagnosticsManager]: JAVA_MEMORY
2017-05-17 11:31:58.701+0000 INFO  [o.n.k.i.DiagnosticsManager]: OPERATING_SYSTEM
2017-05-17 11:31:58.701+0000 INFO  [o.n.k.i.DiagnosticsManager]: JAVA_VIRTUAL_MACHINE
2017-05-17 11:31:58.701+0000 INFO  [o.n.k.i.DiagnosticsManager]: CLASSPATH
2017-05-17 11:31:58.701+0000 INFO  [o.n.k.i.DiagnosticsManager]: LIBRARY_PATH
2017-05-17 11:31:58.701+0000 INFO  [o.n.k.i.DiagnosticsManager]: SYSTEM_PROPERTIES
2017-05-17 11:31:58.701+0000 INFO  [o.n.k.i.DiagnosticsManager]: NETWORK
2017-05-17 11:31:58.711+0000 INFO  [o.n.k.i.DiagnosticsManager]: System memory information:
2017-05-17 11:31:58.721+0000 INFO  [o.n.k.i.DiagnosticsManager]: Total Physical memory: 15.70 GB
2017-05-17 11:31:58.721+0000 INFO  [o.n.k.i.DiagnosticsManager]: Free Physical memory: 8.28 GB
2017-05-17 11:31:58.721+0000 INFO  [o.n.k.i.DiagnosticsManager]: Committed virtual memory: 931.44 MB
2017-05-17 11:31:58.721+0000 INFO  [o.n.k.i.DiagnosticsManager]: Total swap space: 31.39 GB
2017-05-17 11:31:58.721+0000 INFO  [o.n.k.i.DiagnosticsManager]: Free swap space: 22.72 GB
2017-05-17 11:31:58.721+0000 INFO  [o.n.k.i.DiagnosticsManager]: JVM memory information:
2017-05-17 11:31:58.721+0000 INFO  [o.n.k.i.DiagnosticsManager]: Free  memory: 308.26 MB
2017-05-17 11:31:58.721+0000 INFO  [o.n.k.i.DiagnosticsManager]: Total memory: 418.50 MB
2017-05-17 11:31:58.721+0000 INFO  [o.n.k.i.DiagnosticsManager]: Max   memory: 3.49 GB
2017-05-17 11:31:58.721+0000 INFO  [o.n.k.i.DiagnosticsManager]: Garbage Collector: PS Scavenge: [PS Eden Space, PS Survivor Space]
2017-05-17 11:31:58.721+0000 INFO  [o.n.k.i.DiagnosticsManager]: Garbage Collector: PS MarkSweep: [PS Eden Space, PS Survivor Space, PS Old Gen]
2017-05-17 11:31:58.721+0000 INFO  [o.n.k.i.DiagnosticsManager]: Memory Pool: Code Cache (Non-heap memory): committed=12.75 MB, used=12.27 MB, max=240.00 MB, threshold=0.00 B
2017-05-17 11:31:58.721+0000 INFO  [o.n.k.i.DiagnosticsManager]: Memory Pool: Metaspace (Non-heap memory): committed=35.54 MB, used=34.63 MB, max=-1.00 B, threshold=0.00 B
2017-05-17 11:31:58.721+0000 INFO  [o.n.k.i.DiagnosticsManager]: Memory Pool: Compressed Class Space (Non-heap memory): committed=4.63 MB, used=4.45 MB, max=1.00 GB, threshold=0.00 B
2017-05-17 11:31:58.721+0000 INFO  [o.n.k.i.DiagnosticsManager]: Memory Pool: PS Eden Space (Heap memory): committed=163.50 MB, used=6.19 MB, max=1.23 GB, threshold=?
2017-05-17 11:31:58.721+0000 INFO  [o.n.k.i.DiagnosticsManager]: Memory Pool: PS Survivor Space (Heap memory): committed=18.00 MB, used=10.41 MB, max=18.00 MB, threshold=?
2017-05-17 11:31:58.721+0000 INFO  [o.n.k.i.DiagnosticsManager]: Memory Pool: PS Old Gen (Heap memory): committed=237.00 MB, used=93.64 MB, max=2.62 GB, threshold=0.00 B
2017-05-17 11:31:58.721+0000 INFO  [o.n.k.i.DiagnosticsManager]: Operating system information:
2017-05-17 11:31:58.721+0000 INFO  [o.n.k.i.DiagnosticsManager]: Operating System: Windows 7; version: 6.1; arch: amd64; cpus: 4
2017-05-17 11:31:58.721+0000 INFO  [o.n.k.i.DiagnosticsManager]: Process id: 9256@NOIGTIWA556983
2017-05-17 11:31:58.721+0000 INFO  [o.n.k.i.DiagnosticsManager]: Byte order: LITTLE_ENDIAN
2017-05-17 11:31:58.721+0000 INFO  [o.n.k.i.DiagnosticsManager]: Local timezone: Asia/Calcutta
2017-05-17 11:31:58.721+0000 INFO  [o.n.k.i.DiagnosticsManager]: JVM information:
2017-05-17 11:31:58.721+0000 INFO  [o.n.k.i.DiagnosticsManager]: VM Name: Java HotSpot(TM) 64-Bit Server VM
2017-05-17 11:31:58.721+0000 INFO  [o.n.k.i.DiagnosticsManager]: VM Vendor: Oracle Corporation
2017-05-17 11:31:58.721+0000 INFO  [o.n.k.i.DiagnosticsManager]: VM Version: 25.65-b01
2017-05-17 11:31:58.721+0000 INFO  [o.n.k.i.DiagnosticsManager]: JIT compiler: HotSpot 64-Bit Tiered Compilers
2017-05-17 11:31:58.721+0000 INFO  [o.n.k.i.DiagnosticsManager]: VM Arguments: [-Dfile.encoding=UTF-8]
2017-05-17 11:31:58.721+0000 INFO  [o.n.k.i.DiagnosticsManager]: Java classpath:
2017-05-17 11:31:58.751+0000 INFO  [o.n.k.i.DiagnosticsManager]:  [classpath + loader.0] file:/C:/Users/gtiwa5/.m2/repository/ch/qos/logback/logback-core/1.1.11/logback-core-1.1.11.jar
2017-05-17 11:31:58.751+0000 INFO  [o.n.k.i.DiagnosticsManager]:  [loader.1] file:/C:/Program%20Files/Java/jdk1.8.0_65/jre/lib/ext/dnsns.jar
2017-05-17 11:31:58.751+0000 INFO  [o.n.k.i.DiagnosticsManager]:  [classpath + loader.0] file:/C:/Users/gtiwa5/.m2/repository/org/apache/tomcat/embed/tomcat-embed-websocket/8.5.11/tomcat-embed-websocket-8.5.11.jar
2017-05-17 11:31:58.751+0000 INFO  [o.n.k.i.DiagnosticsManager]:  [loader.1] file:/C:/Program%20Files/Java/jdk1.8.0_65/jre/lib/ext/sunpkcs11.jar
2017-05-17 11:31:58.751+0000 INFO  [o.n.k.i.DiagnosticsManager]:  [bootstrap] C:\Program Files\Java\jdk1.8.0_65\jre\classes
2017-05-17 11:31:58.751+0000 INFO  [o.n.k.i.DiagnosticsManager]:  [classpath + loader.0] file:/C:/Users/gtiwa5/.m2/repository/org/neo4j/neo4j-ogm-compiler/2.1.1/neo4j-ogm-compiler-2.1.1.jar
2017-05-17 11:31:58.751+0000 INFO  [o.n.k.i.DiagnosticsManager]:  [classpath + loader.0] file:/C:/Users/gtiwa5/.m2/repository/org/springframework/boot/spring-boot-starter-web/1.5.2.RELEASE/spring-boot-starter-web-1.5.2.RELEASE.jar
2017-05-17 11:31:58.751+0000 INFO  [o.n.k.i.DiagnosticsManager]:  [classpath + loader.0] file:/C:/Users/gtiwa5/.m2/repository/org/neo4j/neo4j-ogm-http-driver/2.1.1/neo4j-ogm-http-driver-2.1.1.jar
2017-05-17 11:31:58.751+0000 INFO  [o.n.k.i.DiagnosticsManager]:  [classpath + loader.0] file:/C:/Users/gtiwa5/.m2/repository/org/neo4j/neo4j-csv/2.2.2/neo4j-csv-2.2.2.jar
2017-05-17 11:31:58.751+0000 INFO  [o.n.k.i.DiagnosticsManager]:  [classpath + loader.0] file:/C:/Users/gtiwa5/.m2/repository/com/fasterxml/jackson/core/jackson-annotations/2.8.0/jackson-annotations-2.8.0.jar
2017-05-17 11:31:58.751+0000 INFO  [o.n.k.i.DiagnosticsManager]:  [classpath + loader.0] file:/C:/Users/gtiwa5/.m2/repository/org/springframework/boot/spring-boot/1.5.2.RELEASE/spring-boot-1.5.2.RELEASE.jar
2017-05-17 11:31:58.751+0000 INFO  [o.n.k.i.DiagnosticsManager]:  [classpath + loader.0] file:/C:/Users/gtiwa5/.m2/repository/org/slf4j/jcl-over-slf4j/1.7.24/jcl-over-slf4j-1.7.24.jar
2017-05-17 11:31:58.751+0000 INFO  [o.n.k.i.DiagnosticsManager]:  [bootstrap] C:\Program Files\Java\jdk1.8.0_65\jre\lib\resources.jar
2017-05-17 11:31:58.751+0000 INFO  [o.n.k.i.DiagnosticsManager]:  [classpath + loader.0] file:/C:/Users/gtiwa5/.m2/repository/org/atteo/evo-inflector/1.2.1/evo-inflector-1.2.1.jar
2017-05-17 11:31:58.751+0000 INFO  [o.n.k.i.DiagnosticsManager]:  [classpath + loader.0] file:/C:/Users/gtiwa5/.m2/repository/org/springframework/boot/spring-boot-starter/1.5.2.RELEASE/spring-boot-starter-1.5.2.RELEASE.jar
2017-05-17 11:31:58.751+0000 INFO  [o.n.k.i.DiagnosticsManager]:  [classpath + loader.0] file:/C:/Users/gtiwa5/.m2/repository/org/neo4j/neo4j-io/2.2.2/neo4j-io-2.2.2.jar
2017-05-17 11:31:58.751+0000 INFO  [o.n.k.i.DiagnosticsManager]:  [classpath + loader.0] file:/C:/Users/gtiwa5/.m2/repository/org/springframework/spring-web/4.3.7.RELEASE/spring-web-4.3.7.RELEASE.jar
2017-05-17 11:31:58.751+0000 INFO  [o.n.k.i.DiagnosticsManager]:  [loader.1] file:/C:/Program%20Files/Java/jdk1.8.0_65/jre/lib/ext/jaccess.jar
2017-05-17 11:31:58.751+0000 INFO  [o.n.k.i.DiagnosticsManager]:  [classpath + loader.0] file:/C:/Users/gtiwa5/.m2/repository/org/springframework/plugin/spring-plugin-core/1.2.0.RELEASE/spring-plugin-core-1.2.0.RELEASE.jar
2017-05-17 11:31:58.751+0000 INFO  [o.n.k.i.DiagnosticsManager]:  [classpath + loader.0] file:/C:/Users/gtiwa5/.m2/repository/org/springframework/boot/spring-boot-starter-logging/1.5.2.RELEASE/spring-boot-starter-logging-1.5.2.RELEASE.jar
2017-05-17 11:31:58.751+0000 INFO  [o.n.k.i.DiagnosticsManager]:  [bootstrap] C:\Program Files\Java\jdk1.8.0_65\jre\lib\sunrsasign.jar
2017-05-17 11:31:58.751+0000 INFO  [o.n.k.i.DiagnosticsManager]:  [loader.1] file:/C:/Program%20Files/Java/jdk1.8.0_65/jre/lib/ext/sunjce_provider.jar
2017-05-17 11:31:58.751+0000 INFO  [o.n.k.i.DiagnosticsManager]:  [loader.1] file:/C:/Program%20Files/Java/jdk1.8.0_65/jre/lib/ext/sunmscapi.jar
2017-05-17 11:31:58.751+0000 INFO  [o.n.k.i.DiagnosticsManager]:  [bootstrap] C:\Program Files\Java\jdk1.8.0_65\jre\lib\jce.jar
2017-05-17 11:31:58.751+0000 INFO  [o.n.k.i.DiagnosticsManager]:  [classpath + loader.0] file:/C:/Users/gtiwa5/.m2/repository/com/fasterxml/jackson/core/jackson-core/2.8.7/jackson-core-2.8.7.jar
2017-05-17 11:31:58.751+0000 INFO  [o.n.k.i.DiagnosticsManager]:  [classpath + loader.0] file:/C:/Users/gtiwa5/.m2/repository/org/apache/httpcomponents/httpclient/4.5.3/httpclient-4.5.3.jar
2017-05-17 11:31:58.751+0000 INFO  [o.n.k.i.DiagnosticsManager]:  [classpath + loader.0] file:/C:/Users/gtiwa5/.m2/repository/org/springframework/spring-tx/4.3.7.RELEASE/spring-tx-4.3.7.RELEASE.jar
2017-05-17 11:31:58.751+0000 INFO  [o.n.k.i.DiagnosticsManager]:  [loader.1] file:/C:/Program%20Files/Java/jdk1.8.0_65/jre/lib/ext/nashorn.jar
2017-05-17 11:31:58.751+0000 INFO  [o.n.k.i.DiagnosticsManager]:  [classpath + loader.0] file:/C:/Users/gtiwa5/.m2/repository/org/springframework/spring-core/4.3.7.RELEASE/spring-core-4.3.7.RELEASE.jar
2017-05-17 11:31:58.751+0000 INFO  [o.n.k.i.DiagnosticsManager]:  [loader.1] file:/C:/Program%20Files/Java/jdk1.8.0_65/jre/lib/ext/localedata.jar
2017-05-17 11:31:58.751+0000 INFO  [o.n.k.i.DiagnosticsManager]:  [classpath + loader.0] file:/C:/Users/gtiwa5/.m2/repository/org/springframework/boot/spring-boot-starter-data-neo4j/1.5.2.RELEASE/spring-boot-starter-data-neo4j-1.5.2.RELEASE.jar
2017-05-17 11:31:58.751+0000 INFO  [o.n.k.i.DiagnosticsManager]:  [classpath + loader.0] file:/C:/Users/gtiwa5/.m2/repository/com/fasterxml/jackson/core/jackson-databind/2.8.7/jackson-databind-2.8.7.jar
2017-05-17 11:31:58.751+0000 INFO  [o.n.k.i.DiagnosticsManager]:  [bootstrap] C:\Program Files\Java\jdk1.8.0_65\jre\lib\jsse.jar
2017-05-17 11:31:58.751+0000 INFO  [o.n.k.i.DiagnosticsManager]:  [classpath + loader.0] file:/D:/Project-Related/github-repositoris/graph-services/target/classes/
2017-05-17 11:31:58.751+0000 INFO  [o.n.k.i.DiagnosticsManager]:  [classpath + loader.0] file:/C:/Users/gtiwa5/.m2/repository/org/jboss/logging/jboss-logging/3.3.0.Final/jboss-logging-3.3.0.Final.jar
2017-05-17 11:31:58.751+0000 INFO  [o.n.k.i.DiagnosticsManager]:  [classpath + loader.0] file:/C:/Users/gtiwa5/.m2/repository/org/springframework/hateoas/spring-hateoas/0.23.0.RELEASE/spring-hateoas-0.23.0.RELEASE.jar
2017-05-17 11:31:58.751+0000 INFO  [o.n.k.i.DiagnosticsManager]:  [classpath + loader.0] file:/C:/Users/gtiwa5/.m2/repository/org/springframework/spring-context/4.3.7.RELEASE/spring-context-4.3.7.RELEASE.jar
2017-05-17 11:31:58.751+0000 INFO  [o.n.k.i.DiagnosticsManager]:  [classpath + loader.0] file:/C:/Users/gtiwa5/.m2/repository/org/apache/httpcomponents/httpcore/4.4.6/httpcore-4.4.6.jar
2017-05-17 11:31:58.751+0000 INFO  [o.n.k.i.DiagnosticsManager]:  [classpath + loader.0] file:/C:/Users/gtiwa5/.m2/repository/org/neo4j/neo4j-kernel/2.2.2/neo4j-kernel-2.2.2.jar
2017-05-17 11:31:58.751+0000 INFO  [o.n.k.i.DiagnosticsManager]:  [loader.1] file:/C:/Program%20Files/Java/jdk1.8.0_65/jre/lib/ext/cldrdata.jar
2017-05-17 11:31:58.751+0000 INFO  [o.n.k.i.DiagnosticsManager]:  [classpath + loader.0] file:/C:/Users/gtiwa5/.m2/repository/org/springframework/data/spring-data-neo4j/4.2.1.RELEASE/spring-data-neo4j-4.2.1.RELEASE.jar
2017-05-17 11:31:58.751+0000 INFO  [o.n.k.i.DiagnosticsManager]:  [classpath + loader.0] file:/C:/Users/gtiwa5/.m2/repository/org/springframework/data/spring-data-commons/1.13.1.RELEASE/spring-data-commons-1.13.1.RELEASE.jar
2017-05-17 11:31:58.751+0000 INFO  [o.n.k.i.DiagnosticsManager]:  [classpath + loader.0] file:/C:/Users/gtiwa5/.m2/repository/org/apache/commons/commons-lang3/3.4/commons-lang3-3.4.jar
2017-05-17 11:31:58.751+0000 INFO  [o.n.k.i.DiagnosticsManager]:  [loader.1] file:/C:/Program%20Files/Java/jdk1.8.0_65/jre/lib/ext/access-bridge-64.jar
2017-05-17 11:31:58.751+0000 INFO  [o.n.k.i.DiagnosticsManager]:  [classpath + loader.0] file:/C:/Users/gtiwa5/.m2/repository/org/neo4j/neo4j-ogm-api/2.1.1/neo4j-ogm-api-2.1.1.jar
2017-05-17 11:31:58.751+0000 INFO  [o.n.k.i.DiagnosticsManager]:  [classpath + loader.0] file:/C:/Users/gtiwa5/.m2/repository/org/springframework/data/spring-data-rest-core/2.6.1.RELEASE/spring-data-rest-core-2.6.1.RELEASE.jar
2017-05-17 11:31:58.751+0000 INFO  [o.n.k.i.DiagnosticsManager]:  [classpath + loader.0] file:/C:/Users/gtiwa5/.m2/repository/javax/ws/rs/javax.ws.rs-api/2.0/javax.ws.rs-api-2.0.jar
2017-05-17 11:31:58.751+0000 INFO  [o.n.k.i.DiagnosticsManager]:  [classpath + loader.0] file:/C:/Users/gtiwa5/.m2/repository/org/slf4j/log4j-over-slf4j/1.7.24/log4j-over-slf4j-1.7.24.jar
2017-05-17 11:31:58.751+0000 INFO  [o.n.k.i.DiagnosticsManager]:  [classpath + loader.0] file:/C:/Users/gtiwa5/.m2/repository/org/neo4j/driver/neo4j-java-driver/1.1.0/neo4j-java-driver-1.1.0.jar
2017-05-17 11:31:58.751+0000 INFO  [o.n.k.i.DiagnosticsManager]:  [bootstrap] C:\Program Files\Java\jdk1.8.0_65\jre\lib\rt.jar
2017-05-17 11:31:58.751+0000 INFO  [o.n.k.i.DiagnosticsManager]:  [classpath + loader.0] file:/C:/Users/gtiwa5/.m2/repository/org/slf4j/slf4j-api/1.7.24/slf4j-api-1.7.24.jar
2017-05-17 11:31:58.751+0000 INFO  [o.n.k.i.DiagnosticsManager]:  [classpath + loader.0] file:/C:/Users/gtiwa5/.m2/repository/commons-codec/commons-codec/1.10/commons-codec-1.10.jar
2017-05-17 11:31:58.751+0000 INFO  [o.n.k.i.DiagnosticsManager]:  [classpath + loader.0] file:/C:/Users/gtiwa5/.m2/repository/org/neo4j/neo4j-ogm-core/2.1.1/neo4j-ogm-core-2.1.1.jar
2017-05-17 11:31:58.751+0000 INFO  [o.n.k.i.DiagnosticsManager]:  [classpath + loader.0] file:/C:/Users/gtiwa5/.m2/repository/org/slf4j/jul-to-slf4j/1.7.24/jul-to-slf4j-1.7.24.jar
2017-05-17 11:31:58.751+0000 INFO  [o.n.k.i.DiagnosticsManager]:  [classpath + loader.0] file:/C:/Users/gtiwa5/.m2/repository/org/apache/commons/commons-collections4/4.1/commons-collections4-4.1.jar
2017-05-17 11:31:58.751+0000 INFO  [o.n.k.i.DiagnosticsManager]:  [classpath + loader.0] file:/C:/Users/gtiwa5/.m2/repository/javax/validation/validation-api/1.1.0.Final/validation-api-1.1.0.Final.jar
2017-05-17 11:31:58.761+0000 INFO  [o.n.k.i.DiagnosticsManager]:  [classpath + loader.0] file:/C:/Users/gtiwa5/.m2/repository/org/yaml/snakeyaml/1.17/snakeyaml-1.17.jar
2017-05-17 11:31:58.761+0000 INFO  [o.n.k.i.DiagnosticsManager]:  [classpath + loader.0] file:/C:/Users/gtiwa5/.m2/repository/org/neo4j/neo4j-ogm-bolt-driver/2.1.1/neo4j-ogm-bolt-driver-2.1.1.jar
2017-05-17 11:31:58.761+0000 INFO  [o.n.k.i.DiagnosticsManager]:  [classpath + loader.0] file:/C:/Users/gtiwa5/.m2/repository/org/springframework/boot/spring-boot-starter-tomcat/1.5.2.RELEASE/spring-boot-starter-tomcat-1.5.2.RELEASE.jar
2017-05-17 11:31:58.761+0000 INFO  [o.n.k.i.DiagnosticsManager]:  [classpath + loader.0] file:/C:/Users/gtiwa5/.m2/repository/org/springframework/data/spring-data-rest-webmvc/2.6.1.RELEASE/spring-data-rest-webmvc-2.6.1.RELEASE.jar
2017-05-17 11:31:58.761+0000 INFO  [o.n.k.i.DiagnosticsManager]:  [bootstrap] C:\Program Files\Java\jdk1.8.0_65\jre\lib\jfr.jar
2017-05-17 11:31:58.761+0000 INFO  [o.n.k.i.DiagnosticsManager]:  [classpath + loader.0] file:/C:/Users/gtiwa5/.m2/repository/commons-io/commons-io/2.4/commons-io-2.4.jar
2017-05-17 11:31:58.761+0000 INFO  [o.n.k.i.DiagnosticsManager]:  [classpath + loader.0] file:/C:/Users/gtiwa5/.m2/repository/org/springframework/boot/spring-boot-starter-data-rest/1.5.2.RELEASE/spring-boot-starter-data-rest-1.5.2.RELEASE.jar
2017-05-17 11:31:58.761+0000 INFO  [o.n.k.i.DiagnosticsManager]:  [classpath + loader.0] file:/C:/Users/gtiwa5/.m2/repository/ch/qos/logback/logback-classic/1.1.11/logback-classic-1.1.11.jar
2017-05-17 11:31:58.761+0000 INFO  [o.n.k.i.DiagnosticsManager]:  [classpath + loader.0] file:/C:/Users/gtiwa5/.m2/repository/org/springframework/spring-webmvc/4.3.7.RELEASE/spring-webmvc-4.3.7.RELEASE.jar
2017-05-17 11:31:58.761+0000 INFO  [o.n.k.i.DiagnosticsManager]:  [loader.1] file:/C:/Program%20Files/Java/jdk1.8.0_65/jre/lib/ext/jfxrt.jar
2017-05-17 11:31:58.761+0000 INFO  [o.n.k.i.DiagnosticsManager]:  [loader.1] file:/C:/Program%20Files/Java/jdk1.8.0_65/jre/lib/ext/zipfs.jar
2017-05-17 11:31:58.761+0000 INFO  [o.n.k.i.DiagnosticsManager]:  [classpath + loader.0] file:/C:/Users/gtiwa5/.m2/repository/org/neo4j/neo4j-unsafe/2.2.2/neo4j-unsafe-2.2.2.jar
2017-05-17 11:31:58.761+0000 INFO  [o.n.k.i.DiagnosticsManager]:  [classpath + loader.0] file:/C:/Users/gtiwa5/.m2/repository/org/springframework/spring-expression/4.3.7.RELEASE/spring-expression-4.3.7.RELEASE.jar
2017-05-17 11:31:58.761+0000 INFO  [o.n.k.i.DiagnosticsManager]:  [classpath + loader.0] file:/C:/Users/gtiwa5/.m2/repository/org/apache/tomcat/embed/tomcat-embed-el/8.5.11/tomcat-embed-el-8.5.11.jar
2017-05-17 11:31:58.761+0000 INFO  [o.n.k.i.DiagnosticsManager]:  [classpath + loader.0] file:/C:/Users/gtiwa5/.m2/repository/org/hibernate/hibernate-validator/5.3.4.Final/hibernate-validator-5.3.4.Final.jar
2017-05-17 11:31:58.761+0000 INFO  [o.n.k.i.DiagnosticsManager]:  [classpath + loader.0] file:/C:/Users/gtiwa5/.m2/repository/org/apache/tomcat/embed/tomcat-embed-core/8.5.11/tomcat-embed-core-8.5.11.jar
2017-05-17 11:31:58.761+0000 INFO  [o.n.k.i.DiagnosticsManager]:  [classpath + loader.0] file:/C:/Users/gtiwa5/.m2/repository/org/neo4j/neo4j-primitive-collections/2.2.2/neo4j-primitive-collections-2.2.2.jar
2017-05-17 11:31:58.761+0000 INFO  [o.n.k.i.DiagnosticsManager]:  [classpath + loader.0] file:/C:/Users/gtiwa5/.m2/repository/org/springframework/boot/spring-boot-autoconfigure/1.5.2.RELEASE/spring-boot-autoconfigure-1.5.2.RELEASE.jar
2017-05-17 11:31:58.761+0000 INFO  [o.n.k.i.DiagnosticsManager]:  [classpath + loader.0] file:/C:/Users/gtiwa5/.m2/repository/com/fasterxml/classmate/1.3.3/classmate-1.3.3.jar
2017-05-17 11:31:58.761+0000 INFO  [o.n.k.i.DiagnosticsManager]:  [loader.1] file:/C:/Program%20Files/Java/jdk1.8.0_65/jre/lib/ext/sunec.jar
2017-05-17 11:31:58.761+0000 INFO  [o.n.k.i.DiagnosticsManager]:  [bootstrap] C:\Program Files\Java\jdk1.8.0_65\jre\lib\charsets.jar
2017-05-17 11:31:58.761+0000 INFO  [o.n.k.i.DiagnosticsManager]:  [classpath + loader.0] file:/C:/Users/gtiwa5/.m2/repository/org/springframework/spring-aop/4.3.7.RELEASE/spring-aop-4.3.7.RELEASE.jar
2017-05-17 11:31:58.761+0000 INFO  [o.n.k.i.DiagnosticsManager]:  [classpath + loader.0] file:/C:/Users/gtiwa5/.m2/repository/org/springframework/spring-beans/4.3.7.RELEASE/spring-beans-4.3.7.RELEASE.jar
2017-05-17 11:31:58.761+0000 INFO  [o.n.k.i.DiagnosticsManager]: Library path:
2017-05-17 11:31:58.761+0000 INFO  [o.n.k.i.DiagnosticsManager]: C:\Program Files\Java\jdk1.8.0_65\bin
2017-05-17 11:31:58.761+0000 INFO  [o.n.k.i.DiagnosticsManager]: C:\Windows\Sun\Java\bin
2017-05-17 11:31:58.761+0000 INFO  [o.n.k.i.DiagnosticsManager]: C:\Windows\System32
2017-05-17 11:31:58.761+0000 INFO  [o.n.k.i.DiagnosticsManager]: C:\Windows
2017-05-17 11:31:58.761+0000 INFO  [o.n.k.i.DiagnosticsManager]: C:\Program Files\Java\jre1.8.0_121\bin\server
2017-05-17 11:31:58.761+0000 INFO  [o.n.k.i.DiagnosticsManager]: C:\Program Files\Java\jre1.8.0_121\bin
2017-05-17 11:31:58.761+0000 INFO  [o.n.k.i.DiagnosticsManager]: C:\Program Files\Java\jre1.8.0_121\lib\amd64
2017-05-17 11:31:58.761+0000 INFO  [o.n.k.i.DiagnosticsManager]: C:\ProgramData\Oracle\Java\javapath
2017-05-17 11:31:58.761+0000 INFO  [o.n.k.i.DiagnosticsManager]: C:\Windows\System32
2017-05-17 11:31:58.761+0000 INFO  [o.n.k.i.DiagnosticsManager]: C:\Windows
2017-05-17 11:31:58.761+0000 INFO  [o.n.k.i.DiagnosticsManager]: C:\Windows\System32\wbem
2017-05-17 11:31:58.761+0000 INFO  [o.n.k.i.DiagnosticsManager]: C:\Windows\System32\WindowsPowerShell\v1.0
2017-05-17 11:31:58.761+0000 INFO  [o.n.k.i.DiagnosticsManager]: C:\Program Files\Intel\WiFi\bin
2017-05-17 11:31:58.761+0000 INFO  [o.n.k.i.DiagnosticsManager]: C:\Program Files\Common Files\Intel\WirelessCommon
2017-05-17 11:31:58.761+0000 INFO  [o.n.k.i.DiagnosticsManager]: D:\Softwares\apache-maven-3.3.9-bin\apache-maven-3.3.9\bin
2017-05-17 11:31:58.761+0000 INFO  [o.n.k.i.DiagnosticsManager]: C:\Program Files (x86)\scala\bin
2017-05-17 11:31:58.761+0000 INFO  [o.n.k.i.DiagnosticsManager]: C:\Program Files\Git\cmd
2017-05-17 11:31:58.761+0000 INFO  [o.n.k.i.DiagnosticsManager]: C:\Program Files (x86)\Skype\Phone
2017-05-17 11:31:58.761+0000 INFO  [o.n.k.i.DiagnosticsManager]: C:\Program Files\Cloud Foundry
2017-05-17 11:31:58.761+0000 INFO  [o.n.k.i.DiagnosticsManager]: C:\Program Files\Intel\WiFi\bin
2017-05-17 11:31:58.761+0000 INFO  [o.n.k.i.DiagnosticsManager]: C:\Program Files\Common Files\Intel\WirelessCommon
2017-05-17 11:31:58.761+0000 INFO  [o.n.k.i.DiagnosticsManager]: C:\Program Files (x86)\Java\jre7\bin
2017-05-17 11:31:58.761+0000 INFO  [o.n.k.i.DiagnosticsManager]: C:\Python27
2017-05-17 11:31:58.761+0000 INFO  [o.n.k.i.DiagnosticsManager]: D:\Softwares\gradle-2.10-all\gradle-2.10\bin
2017-05-17 11:31:58.761+0000 INFO  [o.n.k.i.DiagnosticsManager]: C:\Program Files\Java\jdk1.8.0_65\bin
2017-05-17 11:31:58.761+0000 INFO  [o.n.k.i.DiagnosticsManager]: D:\Softwares\spark-1.6.1-bin-hadoop2.6\bin
2017-05-17 11:31:58.771+0000 INFO  [o.n.k.i.DiagnosticsManager]: C:\Program Files\Docker Toolbox
2017-05-17 11:31:58.771+0000 INFO  [o.n.k.i.DiagnosticsManager]: C:\Users\gtiwa5\AppData\Local\Box\Box Edit
2017-05-17 11:31:58.771+0000 INFO  [o.n.k.i.DiagnosticsManager]: D:\Softwares\eclipse-jee-mars-1-win32-x86_64\eclipse
2017-05-17 11:31:58.771+0000 INFO  [o.n.k.i.DiagnosticsManager]: D:\Project-Related\github-repositoris\graph-services
2017-05-17 11:31:58.771+0000 INFO  [o.n.k.i.DiagnosticsManager]: D:\Project-Related\github-repositoris\graph-services
2017-05-17 11:31:58.771+0000 INFO  [o.n.k.i.DiagnosticsManager]: System.properties:
2017-05-17 11:31:58.771+0000 INFO  [o.n.k.i.DiagnosticsManager]: sun.boot.library.path = C:\Program Files\Java\jdk1.8.0_65\jre\bin
2017-05-17 11:31:58.771+0000 INFO  [o.n.k.i.DiagnosticsManager]: path.separator = ;
2017-05-17 11:31:58.771+0000 INFO  [o.n.k.i.DiagnosticsManager]: file.encoding.pkg = sun.io
2017-05-17 11:31:58.771+0000 INFO  [o.n.k.i.DiagnosticsManager]: user.country = US
2017-05-17 11:31:58.771+0000 INFO  [o.n.k.i.DiagnosticsManager]: user.script = 
2017-05-17 11:31:58.771+0000 INFO  [o.n.k.i.DiagnosticsManager]: sun.java.launcher = SUN_STANDARD
2017-05-17 11:31:58.771+0000 INFO  [o.n.k.i.DiagnosticsManager]: sun.os.patch.level = Service Pack 1
2017-05-17 11:31:58.771+0000 INFO  [o.n.k.i.DiagnosticsManager]: PID = 9256
2017-05-17 11:31:58.771+0000 INFO  [o.n.k.i.DiagnosticsManager]: user.dir = D:\Project-Related\github-repositoris\graph-services
2017-05-17 11:31:58.771+0000 INFO  [o.n.k.i.DiagnosticsManager]: org.jboss.logging.provider = slf4j
2017-05-17 11:31:58.771+0000 INFO  [o.n.k.i.DiagnosticsManager]: user.variant = 
2017-05-17 11:31:58.771+0000 INFO  [o.n.k.i.DiagnosticsManager]: sun.jnu.encoding = Cp1252
2017-05-17 11:31:58.771+0000 INFO  [o.n.k.i.DiagnosticsManager]: spring.beaninfo.ignore = true
2017-05-17 11:31:58.771+0000 INFO  [o.n.k.i.DiagnosticsManager]: sun.management.compiler = HotSpot 64-Bit Tiered Compilers
2017-05-17 11:31:58.771+0000 INFO  [o.n.k.i.DiagnosticsManager]: user.home = C:\Users\gtiwa5
2017-05-17 11:31:58.771+0000 INFO  [o.n.k.i.DiagnosticsManager]: catalina.useNaming = false
2017-05-17 11:31:58.771+0000 INFO  [o.n.k.i.DiagnosticsManager]: user.timezone = Asia/Calcutta
2017-05-17 11:31:58.771+0000 INFO  [o.n.k.i.DiagnosticsManager]: file.encoding = UTF-8
2017-05-17 11:31:58.771+0000 INFO  [o.n.k.i.DiagnosticsManager]: catalina.home = C:\Users\gtiwa5\AppData\Local\Temp\tomcat.1515601174131638098.8080
2017-05-17 11:31:58.771+0000 INFO  [o.n.k.i.DiagnosticsManager]: user.name = gtiwa5
2017-05-17 11:31:58.771+0000 INFO  [o.n.k.i.DiagnosticsManager]: sun.java.command = com.graph.service.AppMain
2017-05-17 11:31:58.771+0000 INFO  [o.n.k.i.DiagnosticsManager]: sun.arch.data.model = 64
2017-05-17 11:31:58.771+0000 INFO  [o.n.k.i.DiagnosticsManager]: user.language = en
2017-05-17 11:31:58.771+0000 INFO  [o.n.k.i.DiagnosticsManager]: awt.toolkit = sun.awt.windows.WToolkit
2017-05-17 11:31:58.771+0000 INFO  [o.n.k.i.DiagnosticsManager]: catalina.base = C:\Users\gtiwa5\AppData\Local\Temp\tomcat.1515601174131638098.8080
2017-05-17 11:31:58.771+0000 INFO  [o.n.k.i.DiagnosticsManager]: file.separator = \
2017-05-17 11:31:58.771+0000 INFO  [o.n.k.i.DiagnosticsManager]: sun.io.unicode.encoding = UnicodeLittle
2017-05-17 11:31:58.771+0000 INFO  [o.n.k.i.DiagnosticsManager]: sun.cpu.endian = little
2017-05-17 11:31:58.771+0000 INFO  [o.n.k.i.DiagnosticsManager]: sun.desktop = windows
2017-05-17 11:31:58.771+0000 INFO  [o.n.k.i.DiagnosticsManager]: sun.cpu.isalist = amd64
2017-05-17 11:31:58.771+0000 INFO  [o.n.k.i.DiagnosticsManager]: Network information:
2017-05-17 11:32:01.790+0000 INFO  [o.n.k.i.DiagnosticsManager]: Interface Software Loopback Interface 1:
2017-05-17 11:32:01.791+0000 INFO  [o.n.k.i.DiagnosticsManager]:     address: 127.0.0.1
2017-05-17 11:32:01.791+0000 INFO  [o.n.k.i.DiagnosticsManager]:     address: 0:0:0:0:0:0:0:1
2017-05-17 11:32:01.791+0000 INFO  [o.n.k.i.DiagnosticsManager]: Interface WAN Miniport (SSTP):
2017-05-17 11:32:01.791+0000 INFO  [o.n.k.i.DiagnosticsManager]: Interface WAN Miniport (L2TP):
2017-05-17 11:32:01.792+0000 INFO  [o.n.k.i.DiagnosticsManager]: Interface WAN Miniport (PPTP):
2017-05-17 11:32:01.792+0000 INFO  [o.n.k.i.DiagnosticsManager]: Interface WAN Miniport (PPPOE):
2017-05-17 11:32:01.792+0000 INFO  [o.n.k.i.DiagnosticsManager]: Interface WAN Miniport (IPv6):
2017-05-17 11:32:01.792+0000 INFO  [o.n.k.i.DiagnosticsManager]: Interface WAN Miniport (Network Monitor):
2017-05-17 11:32:01.792+0000 INFO  [o.n.k.i.DiagnosticsManager]: Interface WAN Miniport (IP):
2017-05-17 11:32:01.792+0000 INFO  [o.n.k.i.DiagnosticsManager]: Interface RAS Async Adapter:
2017-05-17 11:32:01.792+0000 INFO  [o.n.k.i.DiagnosticsManager]: Interface Bluetooth Device (RFCOMM Protocol TDI):
2017-05-17 11:32:01.793+0000 INFO  [o.n.k.i.DiagnosticsManager]: Interface Bluetooth Device (Personal Area Network):
2017-05-17 11:32:01.793+0000 INFO  [o.n.k.i.DiagnosticsManager]: Interface Teredo Tunneling Pseudo-Interface:
2017-05-17 11:32:01.793+0000 INFO  [o.n.k.i.DiagnosticsManager]:     address: fe80:0:0:0:0:ffff:ffff:fffe%net4
2017-05-17 11:32:01.793+0000 INFO  [o.n.k.i.DiagnosticsManager]: Interface Microsoft 6to4 Adapter #3:
2017-05-17 11:32:01.794+0000 INFO  [o.n.k.i.DiagnosticsManager]: Interface WAN Miniport (IKEv2):
2017-05-17 11:32:01.794+0000 INFO  [o.n.k.i.DiagnosticsManager]: Interface null:
2017-05-17 11:32:01.794+0000 INFO  [o.n.k.i.DiagnosticsManager]: Interface null:
2017-05-17 11:32:01.794+0000 INFO  [o.n.k.i.DiagnosticsManager]: Interface Microsoft Virtual WiFi Miniport Adapter:
2017-05-17 11:32:01.794+0000 INFO  [o.n.k.i.DiagnosticsManager]: Interface Microsoft Virtual WiFi Miniport Adapter #2:
2017-05-17 11:32:01.794+0000 INFO  [o.n.k.i.DiagnosticsManager]: Interface null:
2017-05-17 11:32:01.794+0000 INFO  [o.n.k.i.DiagnosticsManager]: Interface Intel(R) 82579LM Gigabit Network Connection:
2017-05-17 11:32:01.795+0000 INFO  [o.n.k.i.DiagnosticsManager]: Interface Intel(R) Centrino(R) Advanced-N 6205:
2017-05-17 11:32:01.795+0000 INFO  [o.n.k.i.DiagnosticsManager]: Interface Microsoft Virtual WiFi Miniport Adapter #3:
2017-05-17 11:32:01.795+0000 INFO  [o.n.k.i.DiagnosticsManager]: Interface Microsoft Virtual WiFi Miniport Adapter #4:
2017-05-17 11:32:01.795+0000 INFO  [o.n.k.i.DiagnosticsManager]: Interface Intel(R) 82579LM Gigabit Network Connection #2:
2017-05-17 11:32:01.795+0000 INFO  [o.n.k.i.DiagnosticsManager]: Interface Intel(R) Centrino(R) Ultimate-N 6300 AGN:
2017-05-17 11:32:01.795+0000 INFO  [o.n.k.i.DiagnosticsManager]: Interface Bluetooth Device (RFCOMM Protocol TDI) #2:
2017-05-17 11:32:01.795+0000 INFO  [o.n.k.i.DiagnosticsManager]: Interface Bluetooth Device (Personal Area Network) #2:
2017-05-17 11:32:01.795+0000 INFO  [o.n.k.i.DiagnosticsManager]: Interface Microsoft Virtual WiFi Miniport Adapter #5:
2017-05-17 11:32:01.795+0000 INFO  [o.n.k.i.DiagnosticsManager]: Interface Microsoft Virtual WiFi Miniport Adapter #6:
2017-05-17 11:32:01.795+0000 INFO  [o.n.k.i.DiagnosticsManager]: Interface Intel(R) Dual Band Wireless-N 7260:
2017-05-17 11:32:01.795+0000 INFO  [o.n.k.i.DiagnosticsManager]: Interface Intel(R) Ethernet Connection I218-LM:
2017-05-17 11:32:01.796+0000 INFO  [o.n.k.i.DiagnosticsManager]: Interface Microsoft Virtual WiFi Miniport Adapter #7:
2017-05-17 11:32:01.796+0000 INFO  [o.n.k.i.DiagnosticsManager]: Interface Bluetooth Device (RFCOMM Protocol TDI) #3:
2017-05-17 11:32:01.796+0000 INFO  [o.n.k.i.DiagnosticsManager]: Interface Microsoft Virtual WiFi Miniport Adapter #8:
2017-05-17 11:32:01.796+0000 INFO  [o.n.k.i.DiagnosticsManager]: Interface Bluetooth Device (Personal Area Network) #3:
2017-05-17 11:32:01.796+0000 INFO  [o.n.k.i.DiagnosticsManager]: Interface Intel(R) Ethernet Connection I217-LM:
2017-05-17 11:32:01.796+0000 INFO  [o.n.k.i.DiagnosticsManager]:     address: fe80:0:0:0:18e4:3601:938f:a527%eth10
2017-05-17 11:32:01.796+0000 INFO  [o.n.k.i.DiagnosticsManager]: Interface Bluetooth Device (Personal Area Network) #4:
2017-05-17 11:32:01.796+0000 INFO  [o.n.k.i.DiagnosticsManager]: Interface Bluetooth Device (RFCOMM Protocol TDI) #4:
2017-05-17 11:32:01.797+0000 INFO  [o.n.k.i.DiagnosticsManager]: Interface Microsoft Virtual WiFi Miniport Adapter #8 - Juniper Network Agent Miniport:
2017-05-17 11:32:01.797+0000 INFO  [o.n.k.i.DiagnosticsManager]: Interface Microsoft Virtual WiFi Miniport Adapter #7 - Juniper Network Agent Miniport:
2017-05-17 11:32:01.797+0000 INFO  [o.n.k.i.DiagnosticsManager]: Interface Intel(R) Ethernet Connection I218-LM - Juniper Network Agent Miniport:
2017-05-17 11:32:01.797+0000 INFO  [o.n.k.i.DiagnosticsManager]: Interface Intel(R) Dual Band Wireless-N 7260 - Juniper Network Agent Miniport:
2017-05-17 11:32:01.797+0000 INFO  [o.n.k.i.DiagnosticsManager]: Interface Microsoft Virtual WiFi Miniport Adapter #6 - Juniper Network Agent Miniport:
2017-05-17 11:32:01.797+0000 INFO  [o.n.k.i.DiagnosticsManager]: Interface Microsoft Virtual WiFi Miniport Adapter #5 - Juniper Network Agent Miniport:
2017-05-17 11:32:01.797+0000 INFO  [o.n.k.i.DiagnosticsManager]: Interface Intel(R) Centrino(R) Ultimate-N 6300 AGN - Juniper Network Agent Miniport:
2017-05-17 11:32:01.797+0000 INFO  [o.n.k.i.DiagnosticsManager]: Interface Intel(R) 82579LM Gigabit Network Connection #2 - Juniper Network Agent Miniport:
2017-05-17 11:32:01.797+0000 INFO  [o.n.k.i.DiagnosticsManager]: Interface Microsoft Virtual WiFi Miniport Adapter #4 - Juniper Network Agent Miniport:
2017-05-17 11:32:01.797+0000 INFO  [o.n.k.i.DiagnosticsManager]: Interface Microsoft Virtual WiFi Miniport Adapter #3 - Juniper Network Agent Miniport:
2017-05-17 11:32:01.798+0000 INFO  [o.n.k.i.DiagnosticsManager]: Interface Intel(R) Centrino(R) Advanced-N 6205 - Juniper Network Agent Miniport:
2017-05-17 11:32:01.798+0000 INFO  [o.n.k.i.DiagnosticsManager]: Interface Intel(R) 82579LM Gigabit Network Connection - Juniper Network Agent Miniport:
2017-05-17 11:32:01.798+0000 INFO  [o.n.k.i.DiagnosticsManager]: Interface Microsoft Virtual WiFi Miniport Adapter #2 - Juniper Network Agent Miniport:
2017-05-17 11:32:01.798+0000 INFO  [o.n.k.i.DiagnosticsManager]: Interface Microsoft Virtual WiFi Miniport Adapter - Juniper Network Agent Miniport:
2017-05-17 11:32:01.798+0000 INFO  [o.n.k.i.DiagnosticsManager]: Interface WAN Miniport (IP) - Juniper Network Agent Miniport:
2017-05-17 11:32:01.798+0000 INFO  [o.n.k.i.DiagnosticsManager]: Interface Intel(R) Ethernet Connection I217-LM - Juniper Network Agent Miniport:
2017-05-17 11:32:01.798+0000 INFO  [o.n.k.i.DiagnosticsManager]: Interface Juniper Networks Virtual Adapter Manager:
2017-05-17 11:32:01.798+0000 INFO  [o.n.k.i.DiagnosticsManager]: Interface Intel(R) Dual Band Wireless-N 7260 #2:
2017-05-17 11:32:01.798+0000 INFO  [o.n.k.i.DiagnosticsManager]:     address: 10.203.101.4
2017-05-17 11:32:01.799+0000 INFO  [o.n.k.i.DiagnosticsManager]:     address: fe80:0:0:0:5944:dee3:890b:c1ae%wlan12
2017-05-17 11:32:01.799+0000 INFO  [o.n.k.i.DiagnosticsManager]: Interface Intel(R) Dual Band Wireless-N 7260 #2 - Juniper Network Agent Miniport:
2017-05-17 11:32:01.799+0000 INFO  [o.n.k.i.DiagnosticsManager]: Interface Microsoft Virtual WiFi Miniport Adapter #9:
2017-05-17 11:32:01.799+0000 INFO  [o.n.k.i.DiagnosticsManager]:     address: fe80:0:0:0:240d:f857:1665:ade7%wlan13
2017-05-17 11:32:01.799+0000 INFO  [o.n.k.i.DiagnosticsManager]: Interface Microsoft Virtual WiFi Miniport Adapter #9 - Juniper Network Agent Miniport:
2017-05-17 11:32:01.799+0000 INFO  [o.n.k.i.DiagnosticsManager]: Interface Microsoft Virtual WiFi Miniport Adapter #10:
2017-05-17 11:32:01.799+0000 INFO  [o.n.k.i.DiagnosticsManager]:     address: fe80:0:0:0:e0bb:e356:cdd3:a52e%wlan14
2017-05-17 11:32:01.799+0000 INFO  [o.n.k.i.DiagnosticsManager]: Interface Microsoft Virtual WiFi Miniport Adapter #10 - Juniper Network Agent Miniport:
2017-05-17 11:32:01.799+0000 INFO  [o.n.k.i.DiagnosticsManager]: Interface Microsoft ISATAP Adapter:
2017-05-17 11:32:01.800+0000 INFO  [o.n.k.i.DiagnosticsManager]:     address: fe80:0:0:0:0:5efe:c0a8:3801%net26
2017-05-17 11:32:01.808+0000 INFO  [o.n.k.i.DiagnosticsManager]: Interface Microsoft ISATAP Adapter #2:
2017-05-17 11:32:01.809+0000 INFO  [o.n.k.i.DiagnosticsManager]:     address: fe80:0:0:0:0:5efe:c0a8:6301%net27
2017-05-17 11:32:01.809+0000 INFO  [o.n.k.i.DiagnosticsManager]: Interface Microsoft ISATAP Adapter #4:
2017-05-17 11:32:01.809+0000 INFO  [o.n.k.i.DiagnosticsManager]: Interface VirtualBox Host-Only Ethernet Adapter:
2017-05-17 11:32:01.809+0000 INFO  [o.n.k.i.DiagnosticsManager]:     address: 192.168.56.1
2017-05-17 11:32:01.809+0000 INFO  [o.n.k.i.DiagnosticsManager]:     address: fe80:0:0:0:64cf:b9f4:fdd:1d2c%eth17
2017-05-17 11:32:01.809+0000 INFO  [o.n.k.i.DiagnosticsManager]: Interface VirtualBox Host-Only Ethernet Adapter - Juniper Network Agent Miniport:
2017-05-17 11:32:01.809+0000 INFO  [o.n.k.i.DiagnosticsManager]: Interface VirtualBox Host-Only Ethernet Adapter #2:
2017-05-17 11:32:01.810+0000 INFO  [o.n.k.i.DiagnosticsManager]:     address: 192.168.99.1
2017-05-17 11:32:01.810+0000 INFO  [o.n.k.i.DiagnosticsManager]:     address: fe80:0:0:0:3922:d6bb:9904:201f%eth19
2017-05-17 11:32:01.810+0000 INFO  [o.n.k.i.DiagnosticsManager]: Interface VirtualBox Host-Only Ethernet Adapter #2 - Juniper Network Agent Miniport:
2017-05-17 11:32:01.810+0000 INFO  [o.n.k.i.DiagnosticsManager]: Interface Remote NDIS based Internet Sharing Device:
2017-05-17 11:32:01.810+0000 INFO  [o.n.k.i.DiagnosticsManager]: Interface Remote NDIS based Internet Sharing Device - Juniper Network Agent Miniport:
2017-05-17 11:32:01.810+0000 INFO  [o.n.k.i.DiagnosticsManager]: Interface Remote NDIS based Internet Sharing Device #2:
2017-05-17 11:32:01.810+0000 INFO  [o.n.k.i.DiagnosticsManager]: Interface Remote NDIS based Internet Sharing Device #2 - Juniper Network Agent Miniport:
2017-05-17 11:32:01.810+0000 INFO  [o.n.k.i.DiagnosticsManager]: Interface Remote NDIS based Internet Sharing Device #3:
2017-05-17 11:32:01.810+0000 INFO  [o.n.k.i.DiagnosticsManager]: Interface Remote NDIS based Internet Sharing Device #3 - Juniper Network Agent Miniport:
2017-05-17 11:32:01.810+0000 INFO  [o.n.k.i.DiagnosticsManager]: Interface Remote NDIS based Internet Sharing Device #4:
2017-05-17 11:32:01.811+0000 INFO  [o.n.k.i.DiagnosticsManager]: Interface Remote NDIS based Internet Sharing Device #4 - Juniper Network Agent Miniport:
2017-05-17 11:32:01.811+0000 INFO  [o.n.k.i.DiagnosticsManager]: Interface Microsoft ISATAP Adapter #3:
2017-05-17 11:32:01.811+0000 INFO  [o.n.k.i.DiagnosticsManager]: Interface WAN Miniport (IP) - Juniper Network Agent Miniport-Symantec Endpoint Protection Firewall-0000:
2017-05-17 11:32:01.811+0000 INFO  [o.n.k.i.DiagnosticsManager]: Interface Microsoft ISATAP Adapter #6:
2017-05-17 11:32:01.811+0000 INFO  [o.n.k.i.DiagnosticsManager]: Interface Microsoft 6to4 Adapter #3-Symantec Endpoint Protection Firewall-0000:
2017-05-17 11:32:01.811+0000 INFO  [o.n.k.i.DiagnosticsManager]: Interface Microsoft ISATAP Adapter-Symantec Endpoint Protection Firewall-0000:
2017-05-17 11:32:01.811+0000 INFO  [o.n.k.i.DiagnosticsManager]: Interface Microsoft ISATAP Adapter #2-Symantec Endpoint Protection Firewall-0000:
2017-05-17 11:32:01.811+0000 INFO  [o.n.k.i.DiagnosticsManager]: Interface Microsoft ISATAP Adapter #3-Symantec Endpoint Protection Firewall-0000:
2017-05-17 11:32:01.811+0000 INFO  [o.n.k.i.DiagnosticsManager]: Interface Microsoft ISATAP Adapter #4-Symantec Endpoint Protection Firewall-0000:
2017-05-17 11:32:01.811+0000 INFO  [o.n.k.i.DiagnosticsManager]: Interface WAN Miniport (IP) - Juniper Network Agent Miniport-QoS Packet Scheduler-0000:
2017-05-17 11:32:01.811+0000 INFO  [o.n.k.i.DiagnosticsManager]: Interface Microsoft ISATAP Adapter #6-Symantec Endpoint Protection Firewall-0000:
2017-05-17 11:32:01.811+0000 INFO  [o.n.k.i.DiagnosticsManager]: Interface Teredo Tunneling Pseudo-Interface-Symantec Endpoint Protection Firewall-0000:
2017-05-17 11:32:01.812+0000 INFO  [o.n.k.i.DiagnosticsManager]: Interface Intel(R) Dual Band Wireless-N 7260 #2-Virtual WiFi Filter Driver-0000:
2017-05-17 11:32:01.812+0000 INFO  [o.n.k.i.DiagnosticsManager]: Interface VirtualBox Host-Only Ethernet Adapter #2 - Juniper Network Agent Miniport-VirtualBox NDIS Light-Weight Filter-0000:
2017-05-17 11:32:01.812+0000 INFO  [o.n.k.i.DiagnosticsManager]: Interface VirtualBox Host-Only Ethernet Adapter #2 - Juniper Network Agent Miniport-QoS Packet Scheduler-0000:
2017-05-17 11:32:01.812+0000 INFO  [o.n.k.i.DiagnosticsManager]: Interface VirtualBox Host-Only Ethernet Adapter #2 - Juniper Network Agent Miniport-WFP LightWeight Filter-0000:
2017-05-17 11:32:01.812+0000 INFO  [o.n.k.i.DiagnosticsManager]: Interface VirtualBox Host-Only Ethernet Adapter #2 - Juniper Network Agent Miniport-Symantec Endpoint Protection Firewall-0000:
2017-05-17 11:32:01.812+0000 INFO  [o.n.k.i.DiagnosticsManager]: Interface WAN Miniport (IPv6)-Symantec Endpoint Protection Firewall-0000:
2017-05-17 11:32:01.812+0000 INFO  [o.n.k.i.DiagnosticsManager]: Interface WAN Miniport (IPv6)-QoS Packet Scheduler-0000:
2017-05-17 11:32:01.812+0000 INFO  [o.n.k.i.DiagnosticsManager]: Interface VirtualBox Host-Only Ethernet Adapter - Juniper Network Agent Miniport-VirtualBox NDIS Light-Weight Filter-0000:
2017-05-17 11:32:01.812+0000 INFO  [o.n.k.i.DiagnosticsManager]: Interface VirtualBox Host-Only Ethernet Adapter - Juniper Network Agent Miniport-QoS Packet Scheduler-0000:
2017-05-17 11:32:01.812+0000 INFO  [o.n.k.i.DiagnosticsManager]: Interface WAN Miniport (Network Monitor)-Symantec Endpoint Protection Firewall-0000:
2017-05-17 11:32:01.812+0000 INFO  [o.n.k.i.DiagnosticsManager]: Interface WAN Miniport (Network Monitor)-QoS Packet Scheduler-0000:
2017-05-17 11:32:01.812+0000 INFO  [o.n.k.i.DiagnosticsManager]: Interface VirtualBox Host-Only Ethernet Adapter - Juniper Network Agent Miniport-WFP LightWeight Filter-0000:
2017-05-17 11:32:01.813+0000 INFO  [o.n.k.i.DiagnosticsManager]: Interface VirtualBox Host-Only Ethernet Adapter - Juniper Network Agent Miniport-Symantec Endpoint Protection Firewall-0000:
2017-05-17 11:32:01.813+0000 INFO  [o.n.k.i.DiagnosticsManager]: Interface Intel(R) Ethernet Connection I217-LM - Juniper Network Agent Miniport-VirtualBox NDIS Light-Weight Filter-0000:
2017-05-17 11:32:01.813+0000 INFO  [o.n.k.i.DiagnosticsManager]: Interface Intel(R) Ethernet Connection I217-LM - Juniper Network Agent Miniport-QoS Packet Scheduler-0000:
2017-05-17 11:32:01.813+0000 INFO  [o.n.k.i.DiagnosticsManager]: Interface Intel(R) Ethernet Connection I217-LM - Juniper Network Agent Miniport-WFP LightWeight Filter-0000:
2017-05-17 11:32:01.813+0000 INFO  [o.n.k.i.DiagnosticsManager]: Interface Intel(R) Ethernet Connection I217-LM - Juniper Network Agent Miniport-Symantec Endpoint Protection Firewall-0000:
2017-05-17 11:32:01.813+0000 INFO  [o.n.k.i.DiagnosticsManager]: Interface Microsoft Virtual WiFi Miniport Adapter #10 - Juniper Network Agent Miniport-VirtualBox NDIS Light-Weight Filter-0000:
2017-05-17 11:32:01.813+0000 INFO  [o.n.k.i.DiagnosticsManager]: Interface Microsoft Virtual WiFi Miniport Adapter #10 - Juniper Network Agent Miniport-QoS Packet Scheduler-0000:
2017-05-17 11:32:01.813+0000 INFO  [o.n.k.i.DiagnosticsManager]: Interface Intel(R) Dual Band Wireless-N 7260 #2-Native WiFi Filter Driver-0000:
2017-05-17 11:32:01.813+0000 INFO  [o.n.k.i.DiagnosticsManager]: Interface Microsoft Virtual WiFi Miniport Adapter #10 - Juniper Network Agent Miniport-WFP LightWeight Filter-0000:
2017-05-17 11:32:01.813+0000 INFO  [o.n.k.i.DiagnosticsManager]: Interface Microsoft Virtual WiFi Miniport Adapter #10 - Juniper Network Agent Miniport-Symantec Endpoint Protection Firewall-0000:
2017-05-17 11:32:01.813+0000 INFO  [o.n.k.i.DiagnosticsManager]: Interface Intel(R) Dual Band Wireless-N 7260 #2 - Juniper Network Agent Miniport-VirtualBox NDIS Light-Weight Filter-0000:
2017-05-17 11:32:01.813+0000 INFO  [o.n.k.i.DiagnosticsManager]: Interface Intel(R) Dual Band Wireless-N 7260 #2 - Juniper Network Agent Miniport-QoS Packet Scheduler-0000:
2017-05-17 11:32:01.814+0000 INFO  [o.n.k.i.DiagnosticsManager]: Interface Microsoft Virtual WiFi Miniport Adapter #9-Native WiFi Filter Driver-0000:
2017-05-17 11:32:01.814+0000 INFO  [o.n.k.i.DiagnosticsManager]: Interface Intel(R) Dual Band Wireless-N 7260 #2 - Juniper Network Agent Miniport-WFP LightWeight Filter-0000:
2017-05-17 11:32:01.814+0000 INFO  [o.n.k.i.DiagnosticsManager]: Interface Intel(R) Dual Band Wireless-N 7260 #2 - Juniper Network Agent Miniport-Symantec Endpoint Protection Firewall-0000:
2017-05-17 11:32:01.814+0000 INFO  [o.n.k.i.DiagnosticsManager]: Interface Microsoft Virtual WiFi Miniport Adapter #9 - Juniper Network Agent Miniport-VirtualBox NDIS Light-Weight Filter-0000:
2017-05-17 11:32:01.814+0000 INFO  [o.n.k.i.DiagnosticsManager]: Interface Microsoft Virtual WiFi Miniport Adapter #9 - Juniper Network Agent Miniport-QoS Packet Scheduler-0000:
2017-05-17 11:32:01.814+0000 INFO  [o.n.k.i.DiagnosticsManager]: Interface Microsoft Virtual WiFi Miniport Adapter #10-Native WiFi Filter Driver-0000:
2017-05-17 11:32:01.814+0000 INFO  [o.n.k.i.DiagnosticsManager]: Interface Microsoft Virtual WiFi Miniport Adapter #9 - Juniper Network Agent Miniport-WFP LightWeight Filter-0000:
2017-05-17 11:32:01.814+0000 INFO  [o.n.k.i.DiagnosticsManager]: Interface Microsoft Virtual WiFi Miniport Adapter #9 - Juniper Network Agent Miniport-Symantec Endpoint Protection Firewall-0000:
2017-05-17 11:32:01.814+0000 INFO  [o.n.k.i.DiagnosticsManager]: Interface Microsoft ISATAP Adapter #5:
2017-05-17 11:32:01.814+0000 INFO  [o.n.k.i.DiagnosticsManager]:     address: fe80:0:0:0:0:5efe:acb:6504%net38
2017-05-17 11:32:01.814+0000 INFO  [o.n.k.i.DiagnosticsManager]: Interface Microsoft ISATAP Adapter #5-Symantec Endpoint Protection Firewall-0000:
2017-05-17 11:32:01.815+0000 INFO  [o.n.k.i.DiagnosticsManager]: --- INITIALIZED diagnostics END ---
2017-05-17 11:32:01.866+0000 INFO  [o.n.k.i.s.StoreFactory]: Creating new db @ embedded.neo4j.db.path\neostore
2017-05-17 11:32:06.001+0000 INFO  [o.n.k.i.DiagnosticsManager]: --- STOPPING diagnostics START ---
2017-05-17 11:32:06.002+0000 INFO  [o.n.k.i.DiagnosticsManager]: --- STOPPING diagnostics END ---
2017-05-17 11:32:06.025+0000 INFO  [o.n.k.EmbeddedGraphDatabase]: Shutdown started
2017-05-17 11:41:38.155+0000 WARN  [o.n.k.EmbeddedGraphDatabase]: You are using an unsupported version of the Java runtime. Please use Oracle(R) Java(TM) Runtime Environment 7 or OpenJDK(TM) 7.
2017-05-17 11:41:38.195+0000 INFO  [o.n.k.InternalAbstractGraphDatabase]: No locking implementation specified, defaulting to 'community'
2017-05-17 11:41:38.535+0000 INFO  [o.n.k.i.DiagnosticsManager]: --- INITIALIZED diagnostics START ---
2017-05-17 11:41:38.535+0000 INFO  [o.n.k.i.DiagnosticsManager]: Neo4j Kernel properties:
2017-05-17 11:41:38.535+0000 INFO  [o.n.k.i.DiagnosticsManager]: neostore.propertystore.db.strings.mapped_memory=186M
2017-05-17 11:41:38.535+0000 INFO  [o.n.k.i.DiagnosticsManager]: ephemeral=false
2017-05-17 11:41:38.535+0000 INFO  [o.n.k.i.DiagnosticsManager]: neostore.nodestore.db.mapped_memory=60M
2017-05-17 11:41:38.535+0000 INFO  [o.n.k.i.DiagnosticsManager]: store_dir=embedded.neo4j.db.path
2017-05-17 11:41:38.535+0000 INFO  [o.n.k.i.DiagnosticsManager]: neostore.propertystore.db.arrays.mapped_memory=211M
2017-05-17 11:41:38.535+0000 INFO  [o.n.k.i.DiagnosticsManager]: neostore.propertystore.db.mapped_memory=218M
2017-05-17 11:41:38.535+0000 INFO  [o.n.k.i.DiagnosticsManager]: neostore.relationshipstore.db.mapped_memory=267M
2017-05-17 11:41:38.545+0000 INFO  [o.n.k.i.DiagnosticsManager]: Diagnostics providers:
2017-05-17 11:41:38.545+0000 INFO  [o.n.k.i.DiagnosticsManager]: org.neo4j.kernel.configuration.Config
2017-05-17 11:41:38.545+0000 INFO  [o.n.k.i.DiagnosticsManager]: org.neo4j.kernel.info.DiagnosticsManager
2017-05-17 11:41:38.545+0000 INFO  [o.n.k.i.DiagnosticsManager]: SYSTEM_MEMORY
2017-05-17 11:41:38.545+0000 INFO  [o.n.k.i.DiagnosticsManager]: JAVA_MEMORY
2017-05-17 11:41:38.545+0000 INFO  [o.n.k.i.DiagnosticsManager]: OPERATING_SYSTEM
2017-05-17 11:41:38.545+0000 INFO  [o.n.k.i.DiagnosticsManager]: JAVA_VIRTUAL_MACHINE
2017-05-17 11:41:38.545+0000 INFO  [o.n.k.i.DiagnosticsManager]: CLASSPATH
2017-05-17 11:41:38.545+0000 INFO  [o.n.k.i.DiagnosticsManager]: LIBRARY_PATH
2017-05-17 11:41:38.545+0000 INFO  [o.n.k.i.DiagnosticsManager]: SYSTEM_PROPERTIES
2017-05-17 11:41:38.545+0000 INFO  [o.n.k.i.DiagnosticsManager]: NETWORK
2017-05-17 11:41:38.545+0000 INFO  [o.n.k.i.DiagnosticsManager]: System memory information:
2017-05-17 11:41:38.545+0000 INFO  [o.n.k.i.DiagnosticsManager]: Total Physical memory: 15.70 GB
2017-05-17 11:41:38.545+0000 INFO  [o.n.k.i.DiagnosticsManager]: Free Physical memory: 8.24 GB
2017-05-17 11:41:38.545+0000 INFO  [o.n.k.i.DiagnosticsManager]: Committed virtual memory: 636.04 MB
2017-05-17 11:41:38.545+0000 INFO  [o.n.k.i.DiagnosticsManager]: Total swap space: 31.39 GB
2017-05-17 11:41:38.545+0000 INFO  [o.n.k.i.DiagnosticsManager]: Free swap space: 22.79 GB
2017-05-17 11:41:38.545+0000 INFO  [o.n.k.i.DiagnosticsManager]: JVM memory information:
2017-05-17 11:41:38.545+0000 INFO  [o.n.k.i.DiagnosticsManager]: Free  memory: 289.57 MB
2017-05-17 11:41:38.545+0000 INFO  [o.n.k.i.DiagnosticsManager]: Total memory: 312.50 MB
2017-05-17 11:41:38.545+0000 INFO  [o.n.k.i.DiagnosticsManager]: Max   memory: 3.49 GB
2017-05-17 11:41:38.545+0000 INFO  [o.n.k.i.DiagnosticsManager]: Garbage Collector: PS Scavenge: [PS Eden Space, PS Survivor Space]
2017-05-17 11:41:38.545+0000 INFO  [o.n.k.i.DiagnosticsManager]: Garbage Collector: PS MarkSweep: [PS Eden Space, PS Survivor Space, PS Old Gen]
2017-05-17 11:41:38.555+0000 INFO  [o.n.k.i.DiagnosticsManager]: Memory Pool: Code Cache (Non-heap memory): committed=12.38 MB, used=11.80 MB, max=240.00 MB, threshold=0.00 B
2017-05-17 11:41:38.555+0000 INFO  [o.n.k.i.DiagnosticsManager]: Memory Pool: Metaspace (Non-heap memory): committed=35.29 MB, used=34.64 MB, max=-1.00 B, threshold=0.00 B
2017-05-17 11:41:38.555+0000 INFO  [o.n.k.i.DiagnosticsManager]: Memory Pool: Compressed Class Space (Non-heap memory): committed=4.63 MB, used=4.44 MB, max=1.00 GB, threshold=0.00 B
2017-05-17 11:41:38.555+0000 INFO  [o.n.k.i.DiagnosticsManager]: Memory Pool: PS Eden Space (Heap memory): committed=128.00 MB, used=4.42 MB, max=1.28 GB, threshold=?
2017-05-17 11:41:38.555+0000 INFO  [o.n.k.i.DiagnosticsManager]: Memory Pool: PS Survivor Space (Heap memory): committed=15.50 MB, used=0.00 B, max=15.50 MB, threshold=?
2017-05-17 11:41:38.555+0000 INFO  [o.n.k.i.DiagnosticsManager]: Memory Pool: PS Old Gen (Heap memory): committed=169.00 MB, used=19.52 MB, max=2.62 GB, threshold=0.00 B
2017-05-17 11:41:38.555+0000 INFO  [o.n.k.i.DiagnosticsManager]: Operating system information:
2017-05-17 11:41:38.555+0000 INFO  [o.n.k.i.DiagnosticsManager]: Operating System: Windows 7; version: 6.1; arch: amd64; cpus: 4
2017-05-17 11:41:38.555+0000 INFO  [o.n.k.i.DiagnosticsManager]: Process id: 5604@NOIGTIWA556983
2017-05-17 11:41:38.555+0000 INFO  [o.n.k.i.DiagnosticsManager]: Byte order: LITTLE_ENDIAN
2017-05-17 11:41:38.555+0000 INFO  [o.n.k.i.DiagnosticsManager]: Local timezone: Asia/Calcutta
2017-05-17 11:41:38.555+0000 INFO  [o.n.k.i.DiagnosticsManager]: JVM information:
2017-05-17 11:41:38.555+0000 INFO  [o.n.k.i.DiagnosticsManager]: VM Name: Java HotSpot(TM) 64-Bit Server VM
2017-05-17 11:41:38.555+0000 INFO  [o.n.k.i.DiagnosticsManager]: VM Vendor: Oracle Corporation
2017-05-17 11:41:38.555+0000 INFO  [o.n.k.i.DiagnosticsManager]: VM Version: 25.65-b01
2017-05-17 11:41:38.555+0000 INFO  [o.n.k.i.DiagnosticsManager]: JIT compiler: HotSpot 64-Bit Tiered Compilers
2017-05-17 11:41:38.555+0000 INFO  [o.n.k.i.DiagnosticsManager]: VM Arguments: [-Dfile.encoding=UTF-8]
2017-05-17 11:41:38.555+0000 INFO  [o.n.k.i.DiagnosticsManager]: Java classpath:
2017-05-17 11:41:38.585+0000 INFO  [o.n.k.i.DiagnosticsManager]:  [classpath + loader.0] file:/C:/Users/gtiwa5/.m2/repository/org/parboiled/parboiled-core/1.1.6/parboiled-core-1.1.6.jar
2017-05-17 11:41:38.585+0000 INFO  [o.n.k.i.DiagnosticsManager]:  [classpath + loader.0] file:/C:/Users/gtiwa5/.m2/repository/ch/qos/logback/logback-core/1.1.11/logback-core-1.1.11.jar
2017-05-17 11:41:38.585+0000 INFO  [o.n.k.i.DiagnosticsManager]:  [classpath + loader.0] file:/C:/Users/gtiwa5/.m2/repository/org/neo4j/neo4j-community/2.1.6/neo4j-community-2.1.6.jar
2017-05-17 11:41:38.585+0000 INFO  [o.n.k.i.DiagnosticsManager]:  [classpath + loader.0] file:/C:/Users/gtiwa5/.m2/repository/org/neo4j/neo4j-primitive-collections/2.1.6/neo4j-primitive-collections-2.1.6.jar
2017-05-17 11:41:38.585+0000 INFO  [o.n.k.i.DiagnosticsManager]:  [classpath + loader.0] file:/C:/Users/gtiwa5/.m2/repository/net/sf/opencsv/opencsv/2.3/opencsv-2.3.jar
2017-05-17 11:41:38.585+0000 INFO  [o.n.k.i.DiagnosticsManager]:  [classpath + loader.0] file:/C:/Users/gtiwa5/.m2/repository/org/neo4j/neo4j-graph-matching/2.1.6/neo4j-graph-matching-2.1.6.jar
2017-05-17 11:41:38.585+0000 INFO  [o.n.k.i.DiagnosticsManager]:  [loader.1] file:/C:/Program%20Files/Java/jdk1.8.0_65/jre/lib/ext/dnsns.jar
2017-05-17 11:41:38.585+0000 INFO  [o.n.k.i.DiagnosticsManager]:  [classpath + loader.0] file:/C:/Users/gtiwa5/.m2/repository/com/googlecode/concurrentlinkedhashmap/concurrentlinkedhashmap-lru/1.3.1/concurrentlinkedhashmap-lru-1.3.1.jar
2017-05-17 11:41:38.585+0000 INFO  [o.n.k.i.DiagnosticsManager]:  [classpath + loader.0] file:/C:/Users/gtiwa5/.m2/repository/org/neo4j/neo4j-cypher/2.1.6/neo4j-cypher-2.1.6.jar
2017-05-17 11:41:38.585+0000 INFO  [o.n.k.i.DiagnosticsManager]:  [classpath + loader.0] file:/C:/Users/gtiwa5/.m2/repository/org/apache/tomcat/embed/tomcat-embed-websocket/8.5.11/tomcat-embed-websocket-8.5.11.jar
2017-05-17 11:41:38.585+0000 INFO  [o.n.k.i.DiagnosticsManager]:  [loader.1] file:/C:/Program%20Files/Java/jdk1.8.0_65/jre/lib/ext/sunpkcs11.jar
2017-05-17 11:41:38.585+0000 INFO  [o.n.k.i.DiagnosticsManager]:  [bootstrap] C:\Program Files\Java\jdk1.8.0_65\jre\classes
2017-05-17 11:41:38.585+0000 INFO  [o.n.k.i.DiagnosticsManager]:  [classpath + loader.0] file:/C:/Users/gtiwa5/.m2/repository/org/neo4j/neo4j-ogm-compiler/2.1.1/neo4j-ogm-compiler-2.1.1.jar
2017-05-17 11:41:38.585+0000 INFO  [o.n.k.i.DiagnosticsManager]:  [classpath + loader.0] file:/C:/Users/gtiwa5/.m2/repository/org/neo4j/neo4j-lucene-index/2.1.6/neo4j-lucene-index-2.1.6.jar
2017-05-17 11:41:38.585+0000 INFO  [o.n.k.i.DiagnosticsManager]:  [classpath + loader.0] file:/C:/Users/gtiwa5/.m2/repository/org/springframework/boot/spring-boot-starter-web/1.5.2.RELEASE/spring-boot-starter-web-1.5.2.RELEASE.jar
2017-05-17 11:41:38.585+0000 INFO  [o.n.k.i.DiagnosticsManager]:  [classpath + loader.0] file:/C:/Users/gtiwa5/.m2/repository/org/neo4j/neo4j-ogm-http-driver/2.1.1/neo4j-ogm-http-driver-2.1.1.jar
2017-05-17 11:41:38.585+0000 INFO  [o.n.k.i.DiagnosticsManager]:  [classpath + loader.0] file:/C:/Users/gtiwa5/.m2/repository/org/neo4j/neo4j-cypher-compiler-2.0/2.0.3/neo4j-cypher-compiler-2.0-2.0.3.jar
2017-05-17 11:41:38.585+0000 INFO  [o.n.k.i.DiagnosticsManager]:  [classpath + loader.0] file:/C:/Users/gtiwa5/.m2/repository/org/apache/lucene/lucene-core/3.6.2/lucene-core-3.6.2.jar
2017-05-17 11:41:38.585+0000 INFO  [o.n.k.i.DiagnosticsManager]:  [classpath + loader.0] file:/C:/Users/gtiwa5/.m2/repository/com/fasterxml/jackson/core/jackson-annotations/2.8.0/jackson-annotations-2.8.0.jar
2017-05-17 11:41:38.585+0000 INFO  [o.n.k.i.DiagnosticsManager]:  [classpath + loader.0] file:/C:/Users/gtiwa5/.m2/repository/org/springframework/boot/spring-boot/1.5.2.RELEASE/spring-boot-1.5.2.RELEASE.jar
2017-05-17 11:41:38.585+0000 INFO  [o.n.k.i.DiagnosticsManager]:  [classpath + loader.0] file:/C:/Users/gtiwa5/.m2/repository/org/slf4j/jcl-over-slf4j/1.7.24/jcl-over-slf4j-1.7.24.jar
2017-05-17 11:41:38.585+0000 INFO  [o.n.k.i.DiagnosticsManager]:  [bootstrap] C:\Program Files\Java\jdk1.8.0_65\jre\lib\resources.jar
2017-05-17 11:41:38.585+0000 INFO  [o.n.k.i.DiagnosticsManager]:  [classpath + loader.0] file:/C:/Users/gtiwa5/.m2/repository/org/neo4j/neo4j-jmx/2.1.6/neo4j-jmx-2.1.6.jar
2017-05-17 11:41:38.585+0000 INFO  [o.n.k.i.DiagnosticsManager]:  [classpath + loader.0] file:/C:/Users/gtiwa5/.m2/repository/org/atteo/evo-inflector/1.2.1/evo-inflector-1.2.1.jar
2017-05-17 11:41:38.585+0000 INFO  [o.n.k.i.DiagnosticsManager]:  [classpath + loader.0] file:/C:/Users/gtiwa5/.m2/repository/org/parboiled/parboiled-scala_2.10/1.1.6/parboiled-scala_2.10-1.1.6.jar
2017-05-17 11:41:38.585+0000 INFO  [o.n.k.i.DiagnosticsManager]:  [classpath + loader.0] file:/C:/Users/gtiwa5/.m2/repository/org/springframework/boot/spring-boot-starter/1.5.2.RELEASE/spring-boot-starter-1.5.2.RELEASE.jar
2017-05-17 11:41:38.585+0000 INFO  [o.n.k.i.DiagnosticsManager]:  [classpath + loader.0] file:/C:/Users/gtiwa5/.m2/repository/org/neo4j/neo4j-graph-algo/2.1.6/neo4j-graph-algo-2.1.6.jar
2017-05-17 11:41:38.585+0000 INFO  [o.n.k.i.DiagnosticsManager]:  [classpath + loader.0] file:/C:/Users/gtiwa5/.m2/repository/org/springframework/spring-web/4.3.7.RELEASE/spring-web-4.3.7.RELEASE.jar
2017-05-17 11:41:38.585+0000 INFO  [o.n.k.i.DiagnosticsManager]:  [loader.1] file:/C:/Program%20Files/Java/jdk1.8.0_65/jre/lib/ext/jaccess.jar
2017-05-17 11:41:38.585+0000 INFO  [o.n.k.i.DiagnosticsManager]:  [classpath + loader.0] file:/C:/Users/gtiwa5/.m2/repository/org/springframework/plugin/spring-plugin-core/1.2.0.RELEASE/spring-plugin-core-1.2.0.RELEASE.jar
2017-05-17 11:41:38.585+0000 INFO  [o.n.k.i.DiagnosticsManager]:  [classpath + loader.0] file:/C:/Users/gtiwa5/.m2/repository/org/springframework/boot/spring-boot-starter-logging/1.5.2.RELEASE/spring-boot-starter-logging-1.5.2.RELEASE.jar
2017-05-17 11:41:38.595+0000 INFO  [o.n.k.i.DiagnosticsManager]:  [bootstrap] C:\Program Files\Java\jdk1.8.0_65\jre\lib\sunrsasign.jar
2017-05-17 11:41:38.595+0000 INFO  [o.n.k.i.DiagnosticsManager]:  [loader.1] file:/C:/Program%20Files/Java/jdk1.8.0_65/jre/lib/ext/sunjce_provider.jar
2017-05-17 11:41:38.595+0000 INFO  [o.n.k.i.DiagnosticsManager]:  [loader.1] file:/C:/Program%20Files/Java/jdk1.8.0_65/jre/lib/ext/sunmscapi.jar
2017-05-17 11:41:38.595+0000 INFO  [o.n.k.i.DiagnosticsManager]:  [bootstrap] C:\Program Files\Java\jdk1.8.0_65\jre\lib\jce.jar
2017-05-17 11:41:38.595+0000 INFO  [o.n.k.i.DiagnosticsManager]:  [classpath + loader.0] file:/C:/Users/gtiwa5/.m2/repository/com/fasterxml/jackson/core/jackson-core/2.8.7/jackson-core-2.8.7.jar
2017-05-17 11:41:38.595+0000 INFO  [o.n.k.i.DiagnosticsManager]:  [classpath + loader.0] file:/C:/Users/gtiwa5/.m2/repository/org/apache/httpcomponents/httpclient/4.5.3/httpclient-4.5.3.jar
2017-05-17 11:41:38.595+0000 INFO  [o.n.k.i.DiagnosticsManager]:  [classpath + loader.0] file:/C:/Users/gtiwa5/.m2/repository/org/springframework/spring-tx/4.3.7.RELEASE/spring-tx-4.3.7.RELEASE.jar
2017-05-17 11:41:38.595+0000 INFO  [o.n.k.i.DiagnosticsManager]:  [loader.1] file:/C:/Program%20Files/Java/jdk1.8.0_65/jre/lib/ext/nashorn.jar
2017-05-17 11:41:38.595+0000 INFO  [o.n.k.i.DiagnosticsManager]:  [classpath + loader.0] file:/C:/Users/gtiwa5/.m2/repository/org/springframework/spring-core/4.3.7.RELEASE/spring-core-4.3.7.RELEASE.jar
2017-05-17 11:41:38.595+0000 INFO  [o.n.k.i.DiagnosticsManager]:  [loader.1] file:/C:/Program%20Files/Java/jdk1.8.0_65/jre/lib/ext/localedata.jar
2017-05-17 11:41:38.595+0000 INFO  [o.n.k.i.DiagnosticsManager]:  [classpath + loader.0] file:/C:/Users/gtiwa5/.m2/repository/org/scala-lang/scala-library/2.10.4/scala-library-2.10.4.jar
2017-05-17 11:41:38.595+0000 INFO  [o.n.k.i.DiagnosticsManager]:  [classpath + loader.0] file:/C:/Users/gtiwa5/.m2/repository/org/springframework/boot/spring-boot-starter-data-neo4j/1.5.2.RELEASE/spring-boot-starter-data-neo4j-1.5.2.RELEASE.jar
2017-05-17 11:41:38.595+0000 INFO  [o.n.k.i.DiagnosticsManager]:  [classpath + loader.0] file:/C:/Users/gtiwa5/.m2/repository/com/fasterxml/jackson/core/jackson-databind/2.8.7/jackson-databind-2.8.7.jar
2017-05-17 11:41:38.595+0000 INFO  [o.n.k.i.DiagnosticsManager]:  [bootstrap] C:\Program Files\Java\jdk1.8.0_65\jre\lib\jsse.jar
2017-05-17 11:41:38.595+0000 INFO  [o.n.k.i.DiagnosticsManager]:  [classpath + loader.0] file:/D:/Project-Related/github-repositoris/graph-services/target/classes/
2017-05-17 11:41:38.595+0000 INFO  [o.n.k.i.DiagnosticsManager]:  [classpath + loader.0] file:/C:/Users/gtiwa5/.m2/repository/org/jboss/logging/jboss-logging/3.3.0.Final/jboss-logging-3.3.0.Final.jar
2017-05-17 11:41:38.595+0000 INFO  [o.n.k.i.DiagnosticsManager]:  [classpath + loader.0] file:/C:/Users/gtiwa5/.m2/repository/org/springframework/hateoas/spring-hateoas/0.23.0.RELEASE/spring-hateoas-0.23.0.RELEASE.jar
2017-05-17 11:41:38.595+0000 INFO  [o.n.k.i.DiagnosticsManager]:  [classpath + loader.0] file:/C:/Users/gtiwa5/.m2/repository/org/springframework/spring-context/4.3.7.RELEASE/spring-context-4.3.7.RELEASE.jar
2017-05-17 11:41:38.595+0000 INFO  [o.n.k.i.DiagnosticsManager]:  [classpath + loader.0] file:/C:/Users/gtiwa5/.m2/repository/org/apache/httpcomponents/httpcore/4.4.6/httpcore-4.4.6.jar
2017-05-17 11:41:38.595+0000 INFO  [o.n.k.i.DiagnosticsManager]:  [loader.1] file:/C:/Program%20Files/Java/jdk1.8.0_65/jre/lib/ext/cldrdata.jar
2017-05-17 11:41:38.595+0000 INFO  [o.n.k.i.DiagnosticsManager]:  [classpath + loader.0] file:/C:/Users/gtiwa5/.m2/repository/org/springframework/data/spring-data-neo4j/4.2.1.RELEASE/spring-data-neo4j-4.2.1.RELEASE.jar
2017-05-17 11:41:38.595+0000 INFO  [o.n.k.i.DiagnosticsManager]:  [classpath + loader.0] file:/C:/Users/gtiwa5/.m2/repository/org/springframework/data/spring-data-commons/1.13.1.RELEASE/spring-data-commons-1.13.1.RELEASE.jar
2017-05-17 11:41:38.595+0000 INFO  [o.n.k.i.DiagnosticsManager]:  [classpath + loader.0] file:/C:/Users/gtiwa5/.m2/repository/org/apache/commons/commons-lang3/3.4/commons-lang3-3.4.jar
2017-05-17 11:41:38.595+0000 INFO  [o.n.k.i.DiagnosticsManager]:  [classpath + loader.0] file:/C:/Users/gtiwa5/.m2/repository/org/neo4j/neo4j-cypher-compiler-2.1/2.1.6/neo4j-cypher-compiler-2.1-2.1.6.jar
2017-05-17 11:41:38.595+0000 INFO  [o.n.k.i.DiagnosticsManager]:  [loader.1] file:/C:/Program%20Files/Java/jdk1.8.0_65/jre/lib/ext/access-bridge-64.jar
2017-05-17 11:41:38.595+0000 INFO  [o.n.k.i.DiagnosticsManager]:  [classpath + loader.0] file:/C:/Users/gtiwa5/.m2/repository/org/neo4j/neo4j-ogm-api/2.1.1/neo4j-ogm-api-2.1.1.jar
2017-05-17 11:41:38.595+0000 INFO  [o.n.k.i.DiagnosticsManager]:  [classpath + loader.0] file:/C:/Users/gtiwa5/.m2/repository/org/springframework/data/spring-data-rest-core/2.6.1.RELEASE/spring-data-rest-core-2.6.1.RELEASE.jar
2017-05-17 11:41:38.595+0000 INFO  [o.n.k.i.DiagnosticsManager]:  [classpath + loader.0] file:/C:/Users/gtiwa5/.m2/repository/javax/ws/rs/javax.ws.rs-api/2.0/javax.ws.rs-api-2.0.jar
2017-05-17 11:41:38.595+0000 INFO  [o.n.k.i.DiagnosticsManager]:  [classpath + loader.0] file:/C:/Users/gtiwa5/.m2/repository/org/slf4j/log4j-over-slf4j/1.7.24/log4j-over-slf4j-1.7.24.jar
2017-05-17 11:41:38.595+0000 INFO  [o.n.k.i.DiagnosticsManager]:  [classpath + loader.0] file:/C:/Users/gtiwa5/.m2/repository/org/neo4j/driver/neo4j-java-driver/1.1.0/neo4j-java-driver-1.1.0.jar
2017-05-17 11:41:38.595+0000 INFO  [o.n.k.i.DiagnosticsManager]:  [bootstrap] C:\Program Files\Java\jdk1.8.0_65\jre\lib\rt.jar
2017-05-17 11:41:38.595+0000 INFO  [o.n.k.i.DiagnosticsManager]:  [classpath + loader.0] file:/C:/Users/gtiwa5/.m2/repository/org/slf4j/slf4j-api/1.7.24/slf4j-api-1.7.24.jar
2017-05-17 11:41:38.595+0000 INFO  [o.n.k.i.DiagnosticsManager]:  [classpath + loader.0] file:/C:/Users/gtiwa5/.m2/repository/commons-codec/commons-codec/1.10/commons-codec-1.10.jar
2017-05-17 11:41:38.595+0000 INFO  [o.n.k.i.DiagnosticsManager]:  [classpath + loader.0] file:/C:/Users/gtiwa5/.m2/repository/org/neo4j/neo4j-cypher-compiler-1.9/2.0.3/neo4j-cypher-compiler-1.9-2.0.3.jar
2017-05-17 11:41:38.595+0000 INFO  [o.n.k.i.DiagnosticsManager]:  [classpath + loader.0] file:/C:/Users/gtiwa5/.m2/repository/org/neo4j/neo4j-ogm-core/2.1.1/neo4j-ogm-core-2.1.1.jar
2017-05-17 11:41:38.595+0000 INFO  [o.n.k.i.DiagnosticsManager]:  [classpath + loader.0] file:/C:/Users/gtiwa5/.m2/repository/org/apache/geronimo/specs/geronimo-jta_1.1_spec/1.1.1/geronimo-jta_1.1_spec-1.1.1.jar
2017-05-17 11:41:38.595+0000 INFO  [o.n.k.i.DiagnosticsManager]:  [classpath + loader.0] file:/C:/Users/gtiwa5/.m2/repository/org/slf4j/jul-to-slf4j/1.7.24/jul-to-slf4j-1.7.24.jar
2017-05-17 11:41:38.595+0000 INFO  [o.n.k.i.DiagnosticsManager]:  [classpath + loader.0] file:/C:/Users/gtiwa5/.m2/repository/org/apache/commons/commons-collections4/4.1/commons-collections4-4.1.jar
2017-05-17 11:41:38.595+0000 INFO  [o.n.k.i.DiagnosticsManager]:  [classpath + loader.0] file:/C:/Users/gtiwa5/.m2/repository/javax/validation/validation-api/1.1.0.Final/validation-api-1.1.0.Final.jar
2017-05-17 11:41:38.595+0000 INFO  [o.n.k.i.DiagnosticsManager]:  [classpath + loader.0] file:/C:/Users/gtiwa5/.m2/repository/org/yaml/snakeyaml/1.17/snakeyaml-1.17.jar
2017-05-17 11:41:38.595+0000 INFO  [o.n.k.i.DiagnosticsManager]:  [classpath + loader.0] file:/C:/Users/gtiwa5/.m2/repository/org/neo4j/neo4j-ogm-bolt-driver/2.1.1/neo4j-ogm-bolt-driver-2.1.1.jar
2017-05-17 11:41:38.595+0000 INFO  [o.n.k.i.DiagnosticsManager]:  [classpath + loader.0] file:/C:/Users/gtiwa5/.m2/repository/org/springframework/boot/spring-boot-starter-tomcat/1.5.2.RELEASE/spring-boot-starter-tomcat-1.5.2.RELEASE.jar
2017-05-17 11:41:38.595+0000 INFO  [o.n.k.i.DiagnosticsManager]:  [classpath + loader.0] file:/C:/Users/gtiwa5/.m2/repository/org/springframework/data/spring-data-rest-webmvc/2.6.1.RELEASE/spring-data-rest-webmvc-2.6.1.RELEASE.jar
2017-05-17 11:41:38.595+0000 INFO  [o.n.k.i.DiagnosticsManager]:  [bootstrap] C:\Program Files\Java\jdk1.8.0_65\jre\lib\jfr.jar
2017-05-17 11:41:38.595+0000 INFO  [o.n.k.i.DiagnosticsManager]:  [classpath + loader.0] file:/C:/Users/gtiwa5/.m2/repository/org/neo4j/neo4j-udc/2.1.6/neo4j-udc-2.1.6.jar
2017-05-17 11:41:38.595+0000 INFO  [o.n.k.i.DiagnosticsManager]:  [classpath + loader.0] file:/C:/Users/gtiwa5/.m2/repository/commons-io/commons-io/2.4/commons-io-2.4.jar
2017-05-17 11:41:38.595+0000 INFO  [o.n.k.i.DiagnosticsManager]:  [classpath + loader.0] file:/C:/Users/gtiwa5/.m2/repository/org/springframework/boot/spring-boot-starter-data-rest/1.5.2.RELEASE/spring-boot-starter-data-rest-1.5.2.RELEASE.jar
2017-05-17 11:41:38.595+0000 INFO  [o.n.k.i.DiagnosticsManager]:  [classpath + loader.0] file:/C:/Users/gtiwa5/.m2/repository/org/neo4j/neo4j-kernel/2.1.6/neo4j-kernel-2.1.6.jar
2017-05-17 11:41:38.595+0000 INFO  [o.n.k.i.DiagnosticsManager]:  [classpath + loader.0] file:/C:/Users/gtiwa5/.m2/repository/ch/qos/logback/logback-classic/1.1.11/logback-classic-1.1.11.jar
2017-05-17 11:41:38.595+0000 INFO  [o.n.k.i.DiagnosticsManager]:  [classpath + loader.0] file:/C:/Users/gtiwa5/.m2/repository/org/springframework/spring-webmvc/4.3.7.RELEASE/spring-webmvc-4.3.7.RELEASE.jar
2017-05-17 11:41:38.595+0000 INFO  [o.n.k.i.DiagnosticsManager]:  [loader.1] file:/C:/Program%20Files/Java/jdk1.8.0_65/jre/lib/ext/jfxrt.jar
2017-05-17 11:41:38.595+0000 INFO  [o.n.k.i.DiagnosticsManager]:  [loader.1] file:/C:/Program%20Files/Java/jdk1.8.0_65/jre/lib/ext/zipfs.jar
2017-05-17 11:41:38.595+0000 INFO  [o.n.k.i.DiagnosticsManager]:  [classpath + loader.0] file:/C:/Users/gtiwa5/.m2/repository/org/springframework/spring-expression/4.3.7.RELEASE/spring-expression-4.3.7.RELEASE.jar
2017-05-17 11:41:38.595+0000 INFO  [o.n.k.i.DiagnosticsManager]:  [classpath + loader.0] file:/C:/Users/gtiwa5/.m2/repository/org/neo4j/neo4j-cypher-commons/2.1.6/neo4j-cypher-commons-2.1.6.jar
2017-05-17 11:41:38.595+0000 INFO  [o.n.k.i.DiagnosticsManager]:  [classpath + loader.0] file:/C:/Users/gtiwa5/.m2/repository/org/apache/tomcat/embed/tomcat-embed-el/8.5.11/tomcat-embed-el-8.5.11.jar
2017-05-17 11:41:38.595+0000 INFO  [o.n.k.i.DiagnosticsManager]:  [classpath + loader.0] file:/C:/Users/gtiwa5/.m2/repository/org/hibernate/hibernate-validator/5.3.4.Final/hibernate-validator-5.3.4.Final.jar
2017-05-17 11:41:38.595+0000 INFO  [o.n.k.i.DiagnosticsManager]:  [classpath + loader.0] file:/C:/Users/gtiwa5/.m2/repository/org/apache/tomcat/embed/tomcat-embed-core/8.5.11/tomcat-embed-core-8.5.11.jar
2017-05-17 11:41:38.595+0000 INFO  [o.n.k.i.DiagnosticsManager]:  [classpath + loader.0] file:/C:/Users/gtiwa5/.m2/repository/org/springframework/boot/spring-boot-autoconfigure/1.5.2.RELEASE/spring-boot-autoconfigure-1.5.2.RELEASE.jar
2017-05-17 11:41:38.595+0000 INFO  [o.n.k.i.DiagnosticsManager]:  [classpath + loader.0] file:/C:/Users/gtiwa5/.m2/repository/com/fasterxml/classmate/1.3.3/classmate-1.3.3.jar
2017-05-17 11:41:38.595+0000 INFO  [o.n.k.i.DiagnosticsManager]:  [loader.1] file:/C:/Program%20Files/Java/jdk1.8.0_65/jre/lib/ext/sunec.jar
2017-05-17 11:41:38.595+0000 INFO  [o.n.k.i.DiagnosticsManager]:  [bootstrap] C:\Program Files\Java\jdk1.8.0_65\jre\lib\charsets.jar
2017-05-17 11:41:38.595+0000 INFO  [o.n.k.i.DiagnosticsManager]:  [classpath + loader.0] file:/C:/Users/gtiwa5/.m2/repository/org/springframework/spring-aop/4.3.7.RELEASE/spring-aop-4.3.7.RELEASE.jar
2017-05-17 11:41:38.595+0000 INFO  [o.n.k.i.DiagnosticsManager]:  [classpath + loader.0] file:/C:/Users/gtiwa5/.m2/repository/org/springframework/spring-beans/4.3.7.RELEASE/spring-beans-4.3.7.RELEASE.jar
2017-05-17 11:41:38.595+0000 INFO  [o.n.k.i.DiagnosticsManager]: Library path:
2017-05-17 11:41:38.595+0000 INFO  [o.n.k.i.DiagnosticsManager]: C:\Program Files\Java\jdk1.8.0_65\bin
2017-05-17 11:41:38.595+0000 INFO  [o.n.k.i.DiagnosticsManager]: C:\Windows\Sun\Java\bin
2017-05-17 11:41:38.595+0000 INFO  [o.n.k.i.DiagnosticsManager]: C:\Windows\System32
2017-05-17 11:41:38.595+0000 INFO  [o.n.k.i.DiagnosticsManager]: C:\Windows
2017-05-17 11:41:38.595+0000 INFO  [o.n.k.i.DiagnosticsManager]: C:\Program Files\Java\jre1.8.0_121\bin\server
2017-05-17 11:41:38.595+0000 INFO  [o.n.k.i.DiagnosticsManager]: C:\Program Files\Java\jre1.8.0_121\bin
2017-05-17 11:41:38.595+0000 INFO  [o.n.k.i.DiagnosticsManager]: C:\Program Files\Java\jre1.8.0_121\lib\amd64
2017-05-17 11:41:38.595+0000 INFO  [o.n.k.i.DiagnosticsManager]: C:\ProgramData\Oracle\Java\javapath
2017-05-17 11:41:38.595+0000 INFO  [o.n.k.i.DiagnosticsManager]: C:\Windows\System32
2017-05-17 11:41:38.595+0000 INFO  [o.n.k.i.DiagnosticsManager]: C:\Windows
2017-05-17 11:41:38.605+0000 INFO  [o.n.k.i.DiagnosticsManager]: C:\Windows\System32\wbem
2017-05-17 11:41:38.605+0000 INFO  [o.n.k.i.DiagnosticsManager]: C:\Windows\System32\WindowsPowerShell\v1.0
2017-05-17 11:41:38.605+0000 INFO  [o.n.k.i.DiagnosticsManager]: C:\Program Files\Intel\WiFi\bin
2017-05-17 11:41:38.605+0000 INFO  [o.n.k.i.DiagnosticsManager]: C:\Program Files\Common Files\Intel\WirelessCommon
2017-05-17 11:41:38.605+0000 INFO  [o.n.k.i.DiagnosticsManager]: D:\Softwares\apache-maven-3.3.9-bin\apache-maven-3.3.9\bin
2017-05-17 11:41:38.605+0000 INFO  [o.n.k.i.DiagnosticsManager]: C:\Program Files (x86)\scala\bin
2017-05-17 11:41:38.605+0000 INFO  [o.n.k.i.DiagnosticsManager]: C:\Program Files\Git\cmd
2017-05-17 11:41:38.605+0000 INFO  [o.n.k.i.DiagnosticsManager]: C:\Program Files (x86)\Skype\Phone
2017-05-17 11:41:38.605+0000 INFO  [o.n.k.i.DiagnosticsManager]: C:\Program Files\Cloud Foundry
2017-05-17 11:41:38.605+0000 INFO  [o.n.k.i.DiagnosticsManager]: C:\Program Files\Intel\WiFi\bin
2017-05-17 11:41:38.605+0000 INFO  [o.n.k.i.DiagnosticsManager]: C:\Program Files\Common Files\Intel\WirelessCommon
2017-05-17 11:41:38.605+0000 INFO  [o.n.k.i.DiagnosticsManager]: C:\Program Files (x86)\Java\jre7\bin
2017-05-17 11:41:38.605+0000 INFO  [o.n.k.i.DiagnosticsManager]: C:\Python27
2017-05-17 11:41:38.605+0000 INFO  [o.n.k.i.DiagnosticsManager]: D:\Softwares\gradle-2.10-all\gradle-2.10\bin
2017-05-17 11:41:38.605+0000 INFO  [o.n.k.i.DiagnosticsManager]: C:\Program Files\Java\jdk1.8.0_65\bin
2017-05-17 11:41:38.605+0000 INFO  [o.n.k.i.DiagnosticsManager]: D:\Softwares\spark-1.6.1-bin-hadoop2.6\bin
2017-05-17 11:41:38.605+0000 INFO  [o.n.k.i.DiagnosticsManager]: C:\Program Files\Docker Toolbox
2017-05-17 11:41:38.605+0000 INFO  [o.n.k.i.DiagnosticsManager]: C:\Users\gtiwa5\AppData\Local\Box\Box Edit
2017-05-17 11:41:38.605+0000 INFO  [o.n.k.i.DiagnosticsManager]: D:\Softwares\eclipse-jee-mars-1-win32-x86_64\eclipse
2017-05-17 11:41:38.605+0000 INFO  [o.n.k.i.DiagnosticsManager]: D:\Project-Related\github-repositoris\graph-services
2017-05-17 11:41:38.605+0000 INFO  [o.n.k.i.DiagnosticsManager]: D:\Project-Related\github-repositoris\graph-services
2017-05-17 11:41:38.605+0000 INFO  [o.n.k.i.DiagnosticsManager]: System.properties:
2017-05-17 11:41:38.605+0000 INFO  [o.n.k.i.DiagnosticsManager]: sun.boot.library.path = C:\Program Files\Java\jdk1.8.0_65\jre\bin
2017-05-17 11:41:38.605+0000 INFO  [o.n.k.i.DiagnosticsManager]: path.separator = ;
2017-05-17 11:41:38.605+0000 INFO  [o.n.k.i.DiagnosticsManager]: file.encoding.pkg = sun.io
2017-05-17 11:41:38.605+0000 INFO  [o.n.k.i.DiagnosticsManager]: user.country = US
2017-05-17 11:41:38.605+0000 INFO  [o.n.k.i.DiagnosticsManager]: user.script = 
2017-05-17 11:41:38.605+0000 INFO  [o.n.k.i.DiagnosticsManager]: sun.java.launcher = SUN_STANDARD
2017-05-17 11:41:38.605+0000 INFO  [o.n.k.i.DiagnosticsManager]: sun.os.patch.level = Service Pack 1
2017-05-17 11:41:38.605+0000 INFO  [o.n.k.i.DiagnosticsManager]: PID = 5604
2017-05-17 11:41:38.605+0000 INFO  [o.n.k.i.DiagnosticsManager]: user.dir = D:\Project-Related\github-repositoris\graph-services
2017-05-17 11:41:38.605+0000 INFO  [o.n.k.i.DiagnosticsManager]: org.jboss.logging.provider = slf4j
2017-05-17 11:41:38.605+0000 INFO  [o.n.k.i.DiagnosticsManager]: user.variant = 
2017-05-17 11:41:38.605+0000 INFO  [o.n.k.i.DiagnosticsManager]: sun.jnu.encoding = Cp1252
2017-05-17 11:41:38.605+0000 INFO  [o.n.k.i.DiagnosticsManager]: spring.beaninfo.ignore = true
2017-05-17 11:41:38.605+0000 INFO  [o.n.k.i.DiagnosticsManager]: sun.management.compiler = HotSpot 64-Bit Tiered Compilers
2017-05-17 11:41:38.605+0000 INFO  [o.n.k.i.DiagnosticsManager]: user.home = C:\Users\gtiwa5
2017-05-17 11:41:38.605+0000 INFO  [o.n.k.i.DiagnosticsManager]: catalina.useNaming = false
2017-05-17 11:41:38.605+0000 INFO  [o.n.k.i.DiagnosticsManager]: user.timezone = Asia/Calcutta
2017-05-17 11:41:38.605+0000 INFO  [o.n.k.i.DiagnosticsManager]: file.encoding = UTF-8
2017-05-17 11:41:38.605+0000 INFO  [o.n.k.i.DiagnosticsManager]: catalina.home = C:\Users\gtiwa5\AppData\Local\Temp\tomcat.938225847093128505.8080
2017-05-17 11:41:38.605+0000 INFO  [o.n.k.i.DiagnosticsManager]: user.name = gtiwa5
2017-05-17 11:41:38.605+0000 INFO  [o.n.k.i.DiagnosticsManager]: sun.java.command = com.graph.service.AppMain
2017-05-17 11:41:38.605+0000 INFO  [o.n.k.i.DiagnosticsManager]: sun.arch.data.model = 64
2017-05-17 11:41:38.605+0000 INFO  [o.n.k.i.DiagnosticsManager]: user.language = en
2017-05-17 11:41:38.605+0000 INFO  [o.n.k.i.DiagnosticsManager]: awt.toolkit = sun.awt.windows.WToolkit
2017-05-17 11:41:38.605+0000 INFO  [o.n.k.i.DiagnosticsManager]: catalina.base = C:\Users\gtiwa5\AppData\Local\Temp\tomcat.938225847093128505.8080
2017-05-17 11:41:38.605+0000 INFO  [o.n.k.i.DiagnosticsManager]: file.separator = \
2017-05-17 11:41:38.605+0000 INFO  [o.n.k.i.DiagnosticsManager]: sun.io.unicode.encoding = UnicodeLittle
2017-05-17 11:41:38.605+0000 INFO  [o.n.k.i.DiagnosticsManager]: sun.cpu.endian = little
2017-05-17 11:41:38.605+0000 INFO  [o.n.k.i.DiagnosticsManager]: sun.desktop = windows
2017-05-17 11:41:38.605+0000 INFO  [o.n.k.i.DiagnosticsManager]: sun.cpu.isalist = amd64
2017-05-17 11:41:38.605+0000 INFO  [o.n.k.i.DiagnosticsManager]: Network information:
2017-05-17 11:41:41.061+0000 INFO  [o.n.k.i.DiagnosticsManager]: Interface Software Loopback Interface 1:
2017-05-17 11:41:41.061+0000 INFO  [o.n.k.i.DiagnosticsManager]:     address: 127.0.0.1
2017-05-17 11:41:41.061+0000 INFO  [o.n.k.i.DiagnosticsManager]:     address: 0:0:0:0:0:0:0:1
2017-05-17 11:41:41.061+0000 INFO  [o.n.k.i.DiagnosticsManager]: Interface WAN Miniport (SSTP):
2017-05-17 11:41:41.061+0000 INFO  [o.n.k.i.DiagnosticsManager]: Interface WAN Miniport (L2TP):
2017-05-17 11:41:41.061+0000 INFO  [o.n.k.i.DiagnosticsManager]: Interface WAN Miniport (PPTP):
2017-05-17 11:41:41.061+0000 INFO  [o.n.k.i.DiagnosticsManager]: Interface WAN Miniport (PPPOE):
2017-05-17 11:41:41.061+0000 INFO  [o.n.k.i.DiagnosticsManager]: Interface WAN Miniport (IPv6):
2017-05-17 11:41:41.061+0000 INFO  [o.n.k.i.DiagnosticsManager]: Interface WAN Miniport (Network Monitor):
2017-05-17 11:41:41.061+0000 INFO  [o.n.k.i.DiagnosticsManager]: Interface WAN Miniport (IP):
2017-05-17 11:41:41.061+0000 INFO  [o.n.k.i.DiagnosticsManager]: Interface RAS Async Adapter:
2017-05-17 11:41:41.061+0000 INFO  [o.n.k.i.DiagnosticsManager]: Interface Bluetooth Device (RFCOMM Protocol TDI):
2017-05-17 11:41:41.061+0000 INFO  [o.n.k.i.DiagnosticsManager]: Interface Bluetooth Device (Personal Area Network):
2017-05-17 11:41:41.061+0000 INFO  [o.n.k.i.DiagnosticsManager]: Interface Teredo Tunneling Pseudo-Interface:
2017-05-17 11:41:41.061+0000 INFO  [o.n.k.i.DiagnosticsManager]:     address: fe80:0:0:0:0:ffff:ffff:fffe%net4
2017-05-17 11:41:41.061+0000 INFO  [o.n.k.i.DiagnosticsManager]: Interface Microsoft 6to4 Adapter #3:
2017-05-17 11:41:41.061+0000 INFO  [o.n.k.i.DiagnosticsManager]: Interface WAN Miniport (IKEv2):
2017-05-17 11:41:41.071+0000 INFO  [o.n.k.i.DiagnosticsManager]: Interface null:
2017-05-17 11:41:41.071+0000 INFO  [o.n.k.i.DiagnosticsManager]: Interface null:
2017-05-17 11:41:41.071+0000 INFO  [o.n.k.i.DiagnosticsManager]: Interface Microsoft Virtual WiFi Miniport Adapter:
2017-05-17 11:41:41.071+0000 INFO  [o.n.k.i.DiagnosticsManager]: Interface Microsoft Virtual WiFi Miniport Adapter #2:
2017-05-17 11:41:41.071+0000 INFO  [o.n.k.i.DiagnosticsManager]: Interface null:
2017-05-17 11:41:41.071+0000 INFO  [o.n.k.i.DiagnosticsManager]: Interface Intel(R) 82579LM Gigabit Network Connection:
2017-05-17 11:41:41.071+0000 INFO  [o.n.k.i.DiagnosticsManager]: Interface Intel(R) Centrino(R) Advanced-N 6205:
2017-05-17 11:41:41.071+0000 INFO  [o.n.k.i.DiagnosticsManager]: Interface Microsoft Virtual WiFi Miniport Adapter #3:
2017-05-17 11:41:41.071+0000 INFO  [o.n.k.i.DiagnosticsManager]: Interface Microsoft Virtual WiFi Miniport Adapter #4:
2017-05-17 11:41:41.071+0000 INFO  [o.n.k.i.DiagnosticsManager]: Interface Intel(R) 82579LM Gigabit Network Connection #2:
2017-05-17 11:41:41.071+0000 INFO  [o.n.k.i.DiagnosticsManager]: Interface Intel(R) Centrino(R) Ultimate-N 6300 AGN:
2017-05-17 11:41:41.071+0000 INFO  [o.n.k.i.DiagnosticsManager]: Interface Bluetooth Device (RFCOMM Protocol TDI) #2:
2017-05-17 11:41:41.071+0000 INFO  [o.n.k.i.DiagnosticsManager]: Interface Bluetooth Device (Personal Area Network) #2:
2017-05-17 11:41:41.071+0000 INFO  [o.n.k.i.DiagnosticsManager]: Interface Microsoft Virtual WiFi Miniport Adapter #5:
2017-05-17 11:41:41.071+0000 INFO  [o.n.k.i.DiagnosticsManager]: Interface Microsoft Virtual WiFi Miniport Adapter #6:
2017-05-17 11:41:41.071+0000 INFO  [o.n.k.i.DiagnosticsManager]: Interface Intel(R) Dual Band Wireless-N 7260:
2017-05-17 11:41:41.071+0000 INFO  [o.n.k.i.DiagnosticsManager]: Interface Intel(R) Ethernet Connection I218-LM:
2017-05-17 11:41:41.071+0000 INFO  [o.n.k.i.DiagnosticsManager]: Interface Microsoft Virtual WiFi Miniport Adapter #7:
2017-05-17 11:41:41.071+0000 INFO  [o.n.k.i.DiagnosticsManager]: Interface Bluetooth Device (RFCOMM Protocol TDI) #3:
2017-05-17 11:41:41.071+0000 INFO  [o.n.k.i.DiagnosticsManager]: Interface Microsoft Virtual WiFi Miniport Adapter #8:
2017-05-17 11:41:41.071+0000 INFO  [o.n.k.i.DiagnosticsManager]: Interface Bluetooth Device (Personal Area Network) #3:
2017-05-17 11:41:41.071+0000 INFO  [o.n.k.i.DiagnosticsManager]: Interface Intel(R) Ethernet Connection I217-LM:
2017-05-17 11:41:41.071+0000 INFO  [o.n.k.i.DiagnosticsManager]:     address: fe80:0:0:0:18e4:3601:938f:a527%eth10
2017-05-17 11:41:41.071+0000 INFO  [o.n.k.i.DiagnosticsManager]: Interface Bluetooth Device (Personal Area Network) #4:
2017-05-17 11:41:41.071+0000 INFO  [o.n.k.i.DiagnosticsManager]: Interface Bluetooth Device (RFCOMM Protocol TDI) #4:
2017-05-17 11:41:41.071+0000 INFO  [o.n.k.i.DiagnosticsManager]: Interface Microsoft Virtual WiFi Miniport Adapter #8 - Juniper Network Agent Miniport:
2017-05-17 11:41:41.071+0000 INFO  [o.n.k.i.DiagnosticsManager]: Interface Microsoft Virtual WiFi Miniport Adapter #7 - Juniper Network Agent Miniport:
2017-05-17 11:41:41.071+0000 INFO  [o.n.k.i.DiagnosticsManager]: Interface Intel(R) Ethernet Connection I218-LM - Juniper Network Agent Miniport:
2017-05-17 11:41:41.071+0000 INFO  [o.n.k.i.DiagnosticsManager]: Interface Intel(R) Dual Band Wireless-N 7260 - Juniper Network Agent Miniport:
2017-05-17 11:41:41.071+0000 INFO  [o.n.k.i.DiagnosticsManager]: Interface Microsoft Virtual WiFi Miniport Adapter #6 - Juniper Network Agent Miniport:
2017-05-17 11:41:41.071+0000 INFO  [o.n.k.i.DiagnosticsManager]: Interface Microsoft Virtual WiFi Miniport Adapter #5 - Juniper Network Agent Miniport:
2017-05-17 11:41:41.071+0000 INFO  [o.n.k.i.DiagnosticsManager]: Interface Intel(R) Centrino(R) Ultimate-N 6300 AGN - Juniper Network Agent Miniport:
2017-05-17 11:41:41.071+0000 INFO  [o.n.k.i.DiagnosticsManager]: Interface Intel(R) 82579LM Gigabit Network Connection #2 - Juniper Network Agent Miniport:
2017-05-17 11:41:41.071+0000 INFO  [o.n.k.i.DiagnosticsManager]: Interface Microsoft Virtual WiFi Miniport Adapter #4 - Juniper Network Agent Miniport:
2017-05-17 11:41:41.071+0000 INFO  [o.n.k.i.DiagnosticsManager]: Interface Microsoft Virtual WiFi Miniport Adapter #3 - Juniper Network Agent Miniport:
2017-05-17 11:41:41.071+0000 INFO  [o.n.k.i.DiagnosticsManager]: Interface Intel(R) Centrino(R) Advanced-N 6205 - Juniper Network Agent Miniport:
2017-05-17 11:41:41.071+0000 INFO  [o.n.k.i.DiagnosticsManager]: Interface Intel(R) 82579LM Gigabit Network Connection - Juniper Network Agent Miniport:
2017-05-17 11:41:41.071+0000 INFO  [o.n.k.i.DiagnosticsManager]: Interface Microsoft Virtual WiFi Miniport Adapter #2 - Juniper Network Agent Miniport:
2017-05-17 11:41:41.071+0000 INFO  [o.n.k.i.DiagnosticsManager]: Interface Microsoft Virtual WiFi Miniport Adapter - Juniper Network Agent Miniport:
2017-05-17 11:41:41.071+0000 INFO  [o.n.k.i.DiagnosticsManager]: Interface WAN Miniport (IP) - Juniper Network Agent Miniport:
2017-05-17 11:41:41.071+0000 INFO  [o.n.k.i.DiagnosticsManager]: Interface Intel(R) Ethernet Connection I217-LM - Juniper Network Agent Miniport:
2017-05-17 11:41:41.071+0000 INFO  [o.n.k.i.DiagnosticsManager]: Interface Juniper Networks Virtual Adapter Manager:
2017-05-17 11:41:41.071+0000 INFO  [o.n.k.i.DiagnosticsManager]: Interface Intel(R) Dual Band Wireless-N 7260 #2:
2017-05-17 11:41:41.071+0000 INFO  [o.n.k.i.DiagnosticsManager]:     address: 10.203.101.4
2017-05-17 11:41:41.071+0000 INFO  [o.n.k.i.DiagnosticsManager]:     address: fe80:0:0:0:5944:dee3:890b:c1ae%wlan12
2017-05-17 11:41:41.071+0000 INFO  [o.n.k.i.DiagnosticsManager]: Interface Intel(R) Dual Band Wireless-N 7260 #2 - Juniper Network Agent Miniport:
2017-05-17 11:41:41.071+0000 INFO  [o.n.k.i.DiagnosticsManager]: Interface Microsoft Virtual WiFi Miniport Adapter #9:
2017-05-17 11:41:41.071+0000 INFO  [o.n.k.i.DiagnosticsManager]:     address: fe80:0:0:0:240d:f857:1665:ade7%wlan13
2017-05-17 11:41:41.071+0000 INFO  [o.n.k.i.DiagnosticsManager]: Interface Microsoft Virtual WiFi Miniport Adapter #9 - Juniper Network Agent Miniport:
2017-05-17 11:41:41.071+0000 INFO  [o.n.k.i.DiagnosticsManager]: Interface Microsoft Virtual WiFi Miniport Adapter #10:
2017-05-17 11:41:41.071+0000 INFO  [o.n.k.i.DiagnosticsManager]:     address: fe80:0:0:0:e0bb:e356:cdd3:a52e%wlan14
2017-05-17 11:41:41.071+0000 INFO  [o.n.k.i.DiagnosticsManager]: Interface Microsoft Virtual WiFi Miniport Adapter #10 - Juniper Network Agent Miniport:
2017-05-17 11:41:41.071+0000 INFO  [o.n.k.i.DiagnosticsManager]: Interface Microsoft ISATAP Adapter:
2017-05-17 11:41:41.071+0000 INFO  [o.n.k.i.DiagnosticsManager]:     address: fe80:0:0:0:0:5efe:c0a8:3801%net26
2017-05-17 11:41:41.071+0000 INFO  [o.n.k.i.DiagnosticsManager]: Interface Microsoft ISATAP Adapter #2:
2017-05-17 11:41:41.071+0000 INFO  [o.n.k.i.DiagnosticsManager]:     address: fe80:0:0:0:0:5efe:c0a8:6301%net27
2017-05-17 11:41:41.071+0000 INFO  [o.n.k.i.DiagnosticsManager]: Interface Microsoft ISATAP Adapter #4:
2017-05-17 11:41:41.071+0000 INFO  [o.n.k.i.DiagnosticsManager]: Interface VirtualBox Host-Only Ethernet Adapter:
2017-05-17 11:41:41.071+0000 INFO  [o.n.k.i.DiagnosticsManager]:     address: 192.168.56.1
2017-05-17 11:41:41.071+0000 INFO  [o.n.k.i.DiagnosticsManager]:     address: fe80:0:0:0:64cf:b9f4:fdd:1d2c%eth17
2017-05-17 11:41:41.071+0000 INFO  [o.n.k.i.DiagnosticsManager]: Interface VirtualBox Host-Only Ethernet Adapter - Juniper Network Agent Miniport:
2017-05-17 11:41:41.071+0000 INFO  [o.n.k.i.DiagnosticsManager]: Interface VirtualBox Host-Only Ethernet Adapter #2:
2017-05-17 11:41:41.071+0000 INFO  [o.n.k.i.DiagnosticsManager]:     address: 192.168.99.1
2017-05-17 11:41:41.071+0000 INFO  [o.n.k.i.DiagnosticsManager]:     address: fe80:0:0:0:3922:d6bb:9904:201f%eth19
2017-05-17 11:41:41.081+0000 INFO  [o.n.k.i.DiagnosticsManager]: Interface VirtualBox Host-Only Ethernet Adapter #2 - Juniper Network Agent Miniport:
2017-05-17 11:41:41.081+0000 INFO  [o.n.k.i.DiagnosticsManager]: Interface Remote NDIS based Internet Sharing Device:
2017-05-17 11:41:41.081+0000 INFO  [o.n.k.i.DiagnosticsManager]: Interface Remote NDIS based Internet Sharing Device - Juniper Network Agent Miniport:
2017-05-17 11:41:41.081+0000 INFO  [o.n.k.i.DiagnosticsManager]: Interface Remote NDIS based Internet Sharing Device #2:
2017-05-17 11:41:41.081+0000 INFO  [o.n.k.i.DiagnosticsManager]: Interface Remote NDIS based Internet Sharing Device #2 - Juniper Network Agent Miniport:
2017-05-17 11:41:41.081+0000 INFO  [o.n.k.i.DiagnosticsManager]: Interface Remote NDIS based Internet Sharing Device #3:
2017-05-17 11:41:41.081+0000 INFO  [o.n.k.i.DiagnosticsManager]: Interface Remote NDIS based Internet Sharing Device #3 - Juniper Network Agent Miniport:
2017-05-17 11:41:41.081+0000 INFO  [o.n.k.i.DiagnosticsManager]: Interface Remote NDIS based Internet Sharing Device #4:
2017-05-17 11:41:41.081+0000 INFO  [o.n.k.i.DiagnosticsManager]: Interface Remote NDIS based Internet Sharing Device #4 - Juniper Network Agent Miniport:
2017-05-17 11:41:41.081+0000 INFO  [o.n.k.i.DiagnosticsManager]: Interface Microsoft ISATAP Adapter #3:
2017-05-17 11:41:41.081+0000 INFO  [o.n.k.i.DiagnosticsManager]: Interface WAN Miniport (IP) - Juniper Network Agent Miniport-Symantec Endpoint Protection Firewall-0000:
2017-05-17 11:41:41.081+0000 INFO  [o.n.k.i.DiagnosticsManager]: Interface Microsoft ISATAP Adapter #6:
2017-05-17 11:41:41.081+0000 INFO  [o.n.k.i.DiagnosticsManager]: Interface Microsoft 6to4 Adapter #3-Symantec Endpoint Protection Firewall-0000:
2017-05-17 11:41:41.081+0000 INFO  [o.n.k.i.DiagnosticsManager]: Interface Microsoft ISATAP Adapter-Symantec Endpoint Protection Firewall-0000:
2017-05-17 11:41:41.081+0000 INFO  [o.n.k.i.DiagnosticsManager]: Interface Microsoft ISATAP Adapter #2-Symantec Endpoint Protection Firewall-0000:
2017-05-17 11:41:41.081+0000 INFO  [o.n.k.i.DiagnosticsManager]: Interface Microsoft ISATAP Adapter #3-Symantec Endpoint Protection Firewall-0000:
2017-05-17 11:41:41.081+0000 INFO  [o.n.k.i.DiagnosticsManager]: Interface Microsoft ISATAP Adapter #4-Symantec Endpoint Protection Firewall-0000:
2017-05-17 11:41:41.081+0000 INFO  [o.n.k.i.DiagnosticsManager]: Interface WAN Miniport (IP) - Juniper Network Agent Miniport-QoS Packet Scheduler-0000:
2017-05-17 11:41:41.081+0000 INFO  [o.n.k.i.DiagnosticsManager]: Interface Microsoft ISATAP Adapter #6-Symantec Endpoint Protection Firewall-0000:
2017-05-17 11:41:41.081+0000 INFO  [o.n.k.i.DiagnosticsManager]: Interface Teredo Tunneling Pseudo-Interface-Symantec Endpoint Protection Firewall-0000:
2017-05-17 11:41:41.081+0000 INFO  [o.n.k.i.DiagnosticsManager]: Interface Intel(R) Dual Band Wireless-N 7260 #2-Virtual WiFi Filter Driver-0000:
2017-05-17 11:41:41.081+0000 INFO  [o.n.k.i.DiagnosticsManager]: Interface VirtualBox Host-Only Ethernet Adapter #2 - Juniper Network Agent Miniport-VirtualBox NDIS Light-Weight Filter-0000:
2017-05-17 11:41:41.081+0000 INFO  [o.n.k.i.DiagnosticsManager]: Interface VirtualBox Host-Only Ethernet Adapter #2 - Juniper Network Agent Miniport-QoS Packet Scheduler-0000:
2017-05-17 11:41:41.081+0000 INFO  [o.n.k.i.DiagnosticsManager]: Interface VirtualBox Host-Only Ethernet Adapter #2 - Juniper Network Agent Miniport-WFP LightWeight Filter-0000:
2017-05-17 11:41:41.081+0000 INFO  [o.n.k.i.DiagnosticsManager]: Interface VirtualBox Host-Only Ethernet Adapter #2 - Juniper Network Agent Miniport-Symantec Endpoint Protection Firewall-0000:
2017-05-17 11:41:41.081+0000 INFO  [o.n.k.i.DiagnosticsManager]: Interface WAN Miniport (IPv6)-Symantec Endpoint Protection Firewall-0000:
2017-05-17 11:41:41.081+0000 INFO  [o.n.k.i.DiagnosticsManager]: Interface WAN Miniport (IPv6)-QoS Packet Scheduler-0000:
2017-05-17 11:41:41.081+0000 INFO  [o.n.k.i.DiagnosticsManager]: Interface VirtualBox Host-Only Ethernet Adapter - Juniper Network Agent Miniport-VirtualBox NDIS Light-Weight Filter-0000:
2017-05-17 11:41:41.081+0000 INFO  [o.n.k.i.DiagnosticsManager]: Interface VirtualBox Host-Only Ethernet Adapter - Juniper Network Agent Miniport-QoS Packet Scheduler-0000:
2017-05-17 11:41:41.081+0000 INFO  [o.n.k.i.DiagnosticsManager]: Interface WAN Miniport (Network Monitor)-Symantec Endpoint Protection Firewall-0000:
2017-05-17 11:41:41.081+0000 INFO  [o.n.k.i.DiagnosticsManager]: Interface WAN Miniport (Network Monitor)-QoS Packet Scheduler-0000:
2017-05-17 11:41:41.081+0000 INFO  [o.n.k.i.DiagnosticsManager]: Interface VirtualBox Host-Only Ethernet Adapter - Juniper Network Agent Miniport-WFP LightWeight Filter-0000:
2017-05-17 11:41:41.081+0000 INFO  [o.n.k.i.DiagnosticsManager]: Interface VirtualBox Host-Only Ethernet Adapter - Juniper Network Agent Miniport-Symantec Endpoint Protection Firewall-0000:
2017-05-17 11:41:41.081+0000 INFO  [o.n.k.i.DiagnosticsManager]: Interface Intel(R) Ethernet Connection I217-LM - Juniper Network Agent Miniport-VirtualBox NDIS Light-Weight Filter-0000:
2017-05-17 11:41:41.081+0000 INFO  [o.n.k.i.DiagnosticsManager]: Interface Intel(R) Ethernet Connection I217-LM - Juniper Network Agent Miniport-QoS Packet Scheduler-0000:
2017-05-17 11:41:41.081+0000 INFO  [o.n.k.i.DiagnosticsManager]: Interface Intel(R) Ethernet Connection I217-LM - Juniper Network Agent Miniport-WFP LightWeight Filter-0000:
2017-05-17 11:41:41.081+0000 INFO  [o.n.k.i.DiagnosticsManager]: Interface Intel(R) Ethernet Connection I217-LM - Juniper Network Agent Miniport-Symantec Endpoint Protection Firewall-0000:
2017-05-17 11:41:41.081+0000 INFO  [o.n.k.i.DiagnosticsManager]: Interface Microsoft Virtual WiFi Miniport Adapter #10 - Juniper Network Agent Miniport-VirtualBox NDIS Light-Weight Filter-0000:
2017-05-17 11:41:41.081+0000 INFO  [o.n.k.i.DiagnosticsManager]: Interface Microsoft Virtual WiFi Miniport Adapter #10 - Juniper Network Agent Miniport-QoS Packet Scheduler-0000:
2017-05-17 11:41:41.081+0000 INFO  [o.n.k.i.DiagnosticsManager]: Interface Intel(R) Dual Band Wireless-N 7260 #2-Native WiFi Filter Driver-0000:
2017-05-17 11:41:41.081+0000 INFO  [o.n.k.i.DiagnosticsManager]: Interface Microsoft Virtual WiFi Miniport Adapter #10 - Juniper Network Agent Miniport-WFP LightWeight Filter-0000:
2017-05-17 11:41:41.081+0000 INFO  [o.n.k.i.DiagnosticsManager]: Interface Microsoft Virtual WiFi Miniport Adapter #10 - Juniper Network Agent Miniport-Symantec Endpoint Protection Firewall-0000:
2017-05-17 11:41:41.081+0000 INFO  [o.n.k.i.DiagnosticsManager]: Interface Intel(R) Dual Band Wireless-N 7260 #2 - Juniper Network Agent Miniport-VirtualBox NDIS Light-Weight Filter-0000:
2017-05-17 11:41:41.081+0000 INFO  [o.n.k.i.DiagnosticsManager]: Interface Intel(R) Dual Band Wireless-N 7260 #2 - Juniper Network Agent Miniport-QoS Packet Scheduler-0000:
2017-05-17 11:41:41.081+0000 INFO  [o.n.k.i.DiagnosticsManager]: Interface Microsoft Virtual WiFi Miniport Adapter #9-Native WiFi Filter Driver-0000:
2017-05-17 11:41:41.081+0000 INFO  [o.n.k.i.DiagnosticsManager]: Interface Intel(R) Dual Band Wireless-N 7260 #2 - Juniper Network Agent Miniport-WFP LightWeight Filter-0000:
2017-05-17 11:41:41.081+0000 INFO  [o.n.k.i.DiagnosticsManager]: Interface Intel(R) Dual Band Wireless-N 7260 #2 - Juniper Network Agent Miniport-Symantec Endpoint Protection Firewall-0000:
2017-05-17 11:41:41.081+0000 INFO  [o.n.k.i.DiagnosticsManager]: Interface Microsoft Virtual WiFi Miniport Adapter #9 - Juniper Network Agent Miniport-VirtualBox NDIS Light-Weight Filter-0000:
2017-05-17 11:41:41.081+0000 INFO  [o.n.k.i.DiagnosticsManager]: Interface Microsoft Virtual WiFi Miniport Adapter #9 - Juniper Network Agent Miniport-QoS Packet Scheduler-0000:
2017-05-17 11:41:41.081+0000 INFO  [o.n.k.i.DiagnosticsManager]: Interface Microsoft Virtual WiFi Miniport Adapter #10-Native WiFi Filter Driver-0000:
2017-05-17 11:41:41.081+0000 INFO  [o.n.k.i.DiagnosticsManager]: Interface Microsoft Virtual WiFi Miniport Adapter #9 - Juniper Network Agent Miniport-WFP LightWeight Filter-0000:
2017-05-17 11:41:41.081+0000 INFO  [o.n.k.i.DiagnosticsManager]: Interface Microsoft Virtual WiFi Miniport Adapter #9 - Juniper Network Agent Miniport-Symantec Endpoint Protection Firewall-0000:
2017-05-17 11:41:41.081+0000 INFO  [o.n.k.i.DiagnosticsManager]: Interface Microsoft ISATAP Adapter #5:
2017-05-17 11:41:41.081+0000 INFO  [o.n.k.i.DiagnosticsManager]:     address: fe80:0:0:0:0:5efe:acb:6504%net38
2017-05-17 11:41:41.081+0000 INFO  [o.n.k.i.DiagnosticsManager]: Interface Microsoft ISATAP Adapter #5-Symantec Endpoint Protection Firewall-0000:
2017-05-17 11:41:41.081+0000 INFO  [o.n.k.i.DiagnosticsManager]: --- INITIALIZED diagnostics END ---
2017-05-17 11:41:41.270+0000 INFO  [o.n.k.i.DiagnosticsManager]: --- STOPPING diagnostics START ---
2017-05-17 11:41:41.270+0000 INFO  [o.n.k.i.DiagnosticsManager]: --- STOPPING diagnostics END ---
2017-05-17 11:41:41.277+0000 ERROR [o.n.k.EmbeddedGraphDatabase]: Startup failed: Component 'org.neo4j.kernel.impl.transaction.XaDataSourceManager@57e815fa' was successfully initialized, but failed to start. Please see attached cause exception.: Component 'org.neo4j.kernel.impl.nioneo.xa.NeoStoreXaDataSource@2cc028ae' was successfully initialized, but failed to start. Please see attached cause exception.: 'neostore.nodestore.db' has a store version number that we cannot upgrade from. Expected 'v0.A.1' but file is version 'NodeStore v0.A.5'.
2017-05-17 11:41:41.277+0000 INFO  [o.n.k.EmbeddedGraphDatabase]: Shutdown started
